<html>
<head>
<title>TestNG:  Test</title>
<link href="../testng.css" rel="stylesheet" type="text/css" />
<link href="../my-testng.css" rel="stylesheet" type="text/css" />

<style type="text/css">
.log { display: none;} 
.stack-trace { display: none;} 
</style>
<script type="text/javascript">
<!--
function flip(e) {
  current = e.style.display;
  if (current == 'block') {
    e.style.display = 'none';
    return 0;
  }
  else {
    e.style.display = 'block';
    return 1;
  }
}

function toggleBox(szDivId, elem, msg1, msg2)
{
  var res = -1;  if (document.getElementById) {
    res = flip(document.getElementById(szDivId));
  }
  else if (document.all) {
    // this is the way old msie versions work
    res = flip(document.all[szDivId]);
  }
  if(elem) {
    if(res == 0) elem.innerHTML = msg1; else elem.innerHTML = msg2;
  }

}

function toggleAllBoxes() {
  if (document.getElementsByTagName) {
    d = document.getElementsByTagName('div');
    for (i = 0; i < d.length; i++) {
      if (d[i].className == 'log') {
        flip(d[i]);
      }
    }
  }
}

// -->
</script>

</head>
<body>
<h2 align='center'>Test</h2><table border='1' align="center">
<tr>
<td>Tests passed/Failed/Skipped:</td><td>3/7/0</td>
</tr><tr>
<td>Started on:</td><td>Wed Mar 03 17:54:42 IST 2021</td>
</tr>
<tr><td>Total time:</td><td>287 seconds (287596 ms)</td>
</tr><tr>
<td>Included groups:</td><td></td>
</tr><tr>
<td>Excluded groups:</td><td></td>
</tr>
</table><p/>
<small><i>(Hover the method name to see the test class name)</i></small><p/>
<table width='100%' border='1' class='invocation-failed'>
<tr><td colspan='4' align='center'><b>FAILED TESTS</b></td></tr>
<tr><td><b>Test method</b></td>
<td width="30%"><b>Exception</b></td>
<td width="10%"><b>Time (seconds)</b></td>
<td><b>Instance</b></td>
</tr>
<tr>
<td title='com.testingshastra.testrunner.RunnerTest.runScenario()'><b>runScenario</b><br>Test class: com.testingshastra.testrunner.RunnerTest<br>Test method: Runs Cucumber Scenarios<br>Parameters: "verify  bank name field", "Optional[this feature test the add  bank functionality]"</td>
<td><div><pre>org.openqa.selenium.NoSuchElementException: Cannot locate element with text: accountType
For documentation on this error, please visit: https://www.seleniumhq.org/exceptions/no_such_element.html
Build info: version: &apos;3.141.59&apos;, revision: &apos;e82be7d358&apos;, time: &apos;2018-11-14T08:17:03&apos;
System info: host: &apos;ACER-PC&apos;, ip: &apos;192.168.42.200&apos;, os.name: &apos;Windows 7&apos;, os.arch: &apos;x86&apos;, os.version: &apos;6.1&apos;, java.version: &apos;1.8.0_241&apos;
Driver info: driver.version: unknown
	at org.openqa.selenium.support.ui.Select.selectByVisibleText(Select.java:147)
	at com.testingshshtra.pages.AddBankPage.selectAccountType(AddBankPage.java:112)
	at com.testingshashtra.stepdefination.AddBankTest.enter(AddBankTest.java:45)
	at ?.Enter &apos;12&apos; , &apos;abc&apos;,&apos;123456789123&apos;,&apos;Savings&apos; ,&apos;ABCD0012&apos;,&apos;123456789&apos;(file:///D:/Git%20Projects/ResoProject/BG/src/main/resources/Features/AddBankFeatures.feature:25)
</pre></div><a href='#' onClick='toggleBox("stack-trace2189588", this, "Click to show all stack frames", "Click to hide stack frames")'>Click to show all stack frames</a>
<div class='stack-trace' id='stack-trace2189588'><pre>org.openqa.selenium.NoSuchElementException: Cannot locate element with text: accountType
For documentation on this error, please visit: https://www.seleniumhq.org/exceptions/no_such_element.html
Build info: version: &apos;3.141.59&apos;, revision: &apos;e82be7d358&apos;, time: &apos;2018-11-14T08:17:03&apos;
System info: host: &apos;ACER-PC&apos;, ip: &apos;192.168.42.200&apos;, os.name: &apos;Windows 7&apos;, os.arch: &apos;x86&apos;, os.version: &apos;6.1&apos;, java.version: &apos;1.8.0_241&apos;
Driver info: driver.version: unknown
	at org.openqa.selenium.support.ui.Select.selectByVisibleText(Select.java:147)
	at com.testingshshtra.pages.AddBankPage.selectAccountType(AddBankPage.java:112)
	at com.testingshashtra.stepdefination.AddBankTest.enter(AddBankTest.java:45)
	at ?.Enter &apos;12&apos; , &apos;abc&apos;,&apos;123456789123&apos;,&apos;Savings&apos; ,&apos;ABCD0012&apos;,&apos;123456789&apos;(file:///D:/Git%20Projects/ResoProject/BG/src/main/resources/Features/AddBankFeatures.feature:25)
</pre></div></td>
<td>35</td>
<td>com.testingshastra.testrunner.RunnerTest@134d211</td></tr>
<tr>
<td title='com.testingshastra.testrunner.RunnerTest.runScenario()'><b>runScenario</b><br>Test class: com.testingshastra.testrunner.RunnerTest<br>Test method: Runs Cucumber Scenarios<br>Parameters: "verify  bank name field", "Optional[this feature test the add  bank functionality]"</td>
<td><div><pre>org.openqa.selenium.NoSuchElementException: Cannot locate element with text: accountType
For documentation on this error, please visit: https://www.seleniumhq.org/exceptions/no_such_element.html
Build info: version: &apos;3.141.59&apos;, revision: &apos;e82be7d358&apos;, time: &apos;2018-11-14T08:17:03&apos;
System info: host: &apos;ACER-PC&apos;, ip: &apos;192.168.42.200&apos;, os.name: &apos;Windows 7&apos;, os.arch: &apos;x86&apos;, os.version: &apos;6.1&apos;, java.version: &apos;1.8.0_241&apos;
Driver info: driver.version: unknown
	at org.openqa.selenium.support.ui.Select.selectByVisibleText(Select.java:147)
	at com.testingshshtra.pages.AddBankPage.selectAccountType(AddBankPage.java:112)
	at com.testingshashtra.stepdefination.AddBankTest.enter(AddBankTest.java:45)
	at ?.Enter &apos;121223&apos; , &apos;abc&apos;,&apos;123456789123&apos;,&apos;Savings&apos; ,&apos;ABCD0012&apos;,&apos;123456789&apos;(file:///D:/Git%20Projects/ResoProject/BG/src/main/resources/Features/AddBankFeatures.feature:25)
</pre></div><a href='#' onClick='toggleBox("stack-trace3447701", this, "Click to show all stack frames", "Click to hide stack frames")'>Click to show all stack frames</a>
<div class='stack-trace' id='stack-trace3447701'><pre>org.openqa.selenium.NoSuchElementException: Cannot locate element with text: accountType
For documentation on this error, please visit: https://www.seleniumhq.org/exceptions/no_such_element.html
Build info: version: &apos;3.141.59&apos;, revision: &apos;e82be7d358&apos;, time: &apos;2018-11-14T08:17:03&apos;
System info: host: &apos;ACER-PC&apos;, ip: &apos;192.168.42.200&apos;, os.name: &apos;Windows 7&apos;, os.arch: &apos;x86&apos;, os.version: &apos;6.1&apos;, java.version: &apos;1.8.0_241&apos;
Driver info: driver.version: unknown
	at org.openqa.selenium.support.ui.Select.selectByVisibleText(Select.java:147)
	at com.testingshshtra.pages.AddBankPage.selectAccountType(AddBankPage.java:112)
	at com.testingshashtra.stepdefination.AddBankTest.enter(AddBankTest.java:45)
	at ?.Enter &apos;121223&apos; , &apos;abc&apos;,&apos;123456789123&apos;,&apos;Savings&apos; ,&apos;ABCD0012&apos;,&apos;123456789&apos;(file:///D:/Git%20Projects/ResoProject/BG/src/main/resources/Features/AddBankFeatures.feature:25)
</pre></div></td>
<td>32</td>
<td>com.testingshastra.testrunner.RunnerTest@134d211</td></tr>
<tr>
<td title='com.testingshastra.testrunner.RunnerTest.runScenario()'><b>runScenario</b><br>Test class: com.testingshastra.testrunner.RunnerTest<br>Test method: Runs Cucumber Scenarios<br>Parameters: "verify  bank name field", "Optional[this feature test the add  bank functionality]"</td>
<td><div><pre>org.openqa.selenium.NoSuchElementException: Cannot locate element with text: accountType
For documentation on this error, please visit: https://www.seleniumhq.org/exceptions/no_such_element.html
Build info: version: &apos;3.141.59&apos;, revision: &apos;e82be7d358&apos;, time: &apos;2018-11-14T08:17:03&apos;
System info: host: &apos;ACER-PC&apos;, ip: &apos;192.168.42.200&apos;, os.name: &apos;Windows 7&apos;, os.arch: &apos;x86&apos;, os.version: &apos;6.1&apos;, java.version: &apos;1.8.0_241&apos;
Driver info: driver.version: unknown
	at org.openqa.selenium.support.ui.Select.selectByVisibleText(Select.java:147)
	at com.testingshshtra.pages.AddBankPage.selectAccountType(AddBankPage.java:112)
	at com.testingshashtra.stepdefination.AddBankTest.enter(AddBankTest.java:45)
	at ?.Enter &apos;ds&apos; , &apos;abc&apos;,&apos;123456789123&apos;,&apos;Savings&apos; ,&apos;ABCD0012&apos;,&apos;123456789&apos;(file:///D:/Git%20Projects/ResoProject/BG/src/main/resources/Features/AddBankFeatures.feature:25)
</pre></div><a href='#' onClick='toggleBox("stack-trace31675850", this, "Click to show all stack frames", "Click to hide stack frames")'>Click to show all stack frames</a>
<div class='stack-trace' id='stack-trace31675850'><pre>org.openqa.selenium.NoSuchElementException: Cannot locate element with text: accountType
For documentation on this error, please visit: https://www.seleniumhq.org/exceptions/no_such_element.html
Build info: version: &apos;3.141.59&apos;, revision: &apos;e82be7d358&apos;, time: &apos;2018-11-14T08:17:03&apos;
System info: host: &apos;ACER-PC&apos;, ip: &apos;192.168.42.200&apos;, os.name: &apos;Windows 7&apos;, os.arch: &apos;x86&apos;, os.version: &apos;6.1&apos;, java.version: &apos;1.8.0_241&apos;
Driver info: driver.version: unknown
	at org.openqa.selenium.support.ui.Select.selectByVisibleText(Select.java:147)
	at com.testingshshtra.pages.AddBankPage.selectAccountType(AddBankPage.java:112)
	at com.testingshashtra.stepdefination.AddBankTest.enter(AddBankTest.java:45)
	at ?.Enter &apos;ds&apos; , &apos;abc&apos;,&apos;123456789123&apos;,&apos;Savings&apos; ,&apos;ABCD0012&apos;,&apos;123456789&apos;(file:///D:/Git%20Projects/ResoProject/BG/src/main/resources/Features/AddBankFeatures.feature:25)
</pre></div></td>
<td>32</td>
<td>com.testingshastra.testrunner.RunnerTest@134d211</td></tr>
<tr>
<td title='com.testingshastra.testrunner.RunnerTest.runScenario()'><b>runScenario</b><br>Test class: com.testingshastra.testrunner.RunnerTest<br>Test method: Runs Cucumber Scenarios<br>Parameters: "verify  bank name field", "Optional[this feature test the add  bank functionality]"</td>
<td><div><pre>org.openqa.selenium.NoSuchElementException: Cannot locate element with text: accountType
For documentation on this error, please visit: https://www.seleniumhq.org/exceptions/no_such_element.html
Build info: version: &apos;3.141.59&apos;, revision: &apos;e82be7d358&apos;, time: &apos;2018-11-14T08:17:03&apos;
System info: host: &apos;ACER-PC&apos;, ip: &apos;192.168.42.200&apos;, os.name: &apos;Windows 7&apos;, os.arch: &apos;x86&apos;, os.version: &apos;6.1&apos;, java.version: &apos;1.8.0_241&apos;
Driver info: driver.version: unknown
	at org.openqa.selenium.support.ui.Select.selectByVisibleText(Select.java:147)
	at com.testingshshtra.pages.AddBankPage.selectAccountType(AddBankPage.java:112)
	at com.testingshashtra.stepdefination.AddBankTest.enter(AddBankTest.java:45)
	at ?.Enter &apos;12asssfd%vvd&apos; , &apos;abc&apos;,&apos;123456789123&apos;,&apos;Savings&apos; ,&apos;ABCD0012&apos;,&apos;123456789&apos;(file:///D:/Git%20Projects/ResoProject/BG/src/main/resources/Features/AddBankFeatures.feature:25)
</pre></div><a href='#' onClick='toggleBox("stack-trace14759804", this, "Click to show all stack frames", "Click to hide stack frames")'>Click to show all stack frames</a>
<div class='stack-trace' id='stack-trace14759804'><pre>org.openqa.selenium.NoSuchElementException: Cannot locate element with text: accountType
For documentation on this error, please visit: https://www.seleniumhq.org/exceptions/no_such_element.html
Build info: version: &apos;3.141.59&apos;, revision: &apos;e82be7d358&apos;, time: &apos;2018-11-14T08:17:03&apos;
System info: host: &apos;ACER-PC&apos;, ip: &apos;192.168.42.200&apos;, os.name: &apos;Windows 7&apos;, os.arch: &apos;x86&apos;, os.version: &apos;6.1&apos;, java.version: &apos;1.8.0_241&apos;
Driver info: driver.version: unknown
	at org.openqa.selenium.support.ui.Select.selectByVisibleText(Select.java:147)
	at com.testingshshtra.pages.AddBankPage.selectAccountType(AddBankPage.java:112)
	at com.testingshashtra.stepdefination.AddBankTest.enter(AddBankTest.java:45)
	at ?.Enter &apos;12asssfd%vvd&apos; , &apos;abc&apos;,&apos;123456789123&apos;,&apos;Savings&apos; ,&apos;ABCD0012&apos;,&apos;123456789&apos;(file:///D:/Git%20Projects/ResoProject/BG/src/main/resources/Features/AddBankFeatures.feature:25)
</pre></div></td>
<td>32</td>
<td>com.testingshastra.testrunner.RunnerTest@134d211</td></tr>
<tr>
<td title='com.testingshastra.testrunner.RunnerTest.runScenario()'><b>runScenario</b><br>Test class: com.testingshastra.testrunner.RunnerTest<br>Test method: Runs Cucumber Scenarios<br>Parameters: "verify  bank name field", "Optional[this feature test the add  bank functionality]"</td>
<td><div><pre>org.openqa.selenium.NoSuchElementException: Cannot locate element with text: accountType
For documentation on this error, please visit: https://www.seleniumhq.org/exceptions/no_such_element.html
Build info: version: &apos;3.141.59&apos;, revision: &apos;e82be7d358&apos;, time: &apos;2018-11-14T08:17:03&apos;
System info: host: &apos;ACER-PC&apos;, ip: &apos;192.168.42.200&apos;, os.name: &apos;Windows 7&apos;, os.arch: &apos;x86&apos;, os.version: &apos;6.1&apos;, java.version: &apos;1.8.0_241&apos;
Driver info: driver.version: unknown
	at org.openqa.selenium.support.ui.Select.selectByVisibleText(Select.java:147)
	at com.testingshshtra.pages.AddBankPage.selectAccountType(AddBankPage.java:112)
	at com.testingshashtra.stepdefination.AddBankTest.enter(AddBankTest.java:45)
	at ?.Enter &apos;jgjf dkfgkj&apos; , &apos;abc&apos;,&apos;123456789123&apos;,&apos;Savings&apos; ,&apos;ABCD0012&apos;,&apos;123456789&apos;(file:///D:/Git%20Projects/ResoProject/BG/src/main/resources/Features/AddBankFeatures.feature:25)
</pre></div><a href='#' onClick='toggleBox("stack-trace9447002", this, "Click to show all stack frames", "Click to hide stack frames")'>Click to show all stack frames</a>
<div class='stack-trace' id='stack-trace9447002'><pre>org.openqa.selenium.NoSuchElementException: Cannot locate element with text: accountType
For documentation on this error, please visit: https://www.seleniumhq.org/exceptions/no_such_element.html
Build info: version: &apos;3.141.59&apos;, revision: &apos;e82be7d358&apos;, time: &apos;2018-11-14T08:17:03&apos;
System info: host: &apos;ACER-PC&apos;, ip: &apos;192.168.42.200&apos;, os.name: &apos;Windows 7&apos;, os.arch: &apos;x86&apos;, os.version: &apos;6.1&apos;, java.version: &apos;1.8.0_241&apos;
Driver info: driver.version: unknown
	at org.openqa.selenium.support.ui.Select.selectByVisibleText(Select.java:147)
	at com.testingshshtra.pages.AddBankPage.selectAccountType(AddBankPage.java:112)
	at com.testingshashtra.stepdefination.AddBankTest.enter(AddBankTest.java:45)
	at ?.Enter &apos;jgjf dkfgkj&apos; , &apos;abc&apos;,&apos;123456789123&apos;,&apos;Savings&apos; ,&apos;ABCD0012&apos;,&apos;123456789&apos;(file:///D:/Git%20Projects/ResoProject/BG/src/main/resources/Features/AddBankFeatures.feature:25)
</pre></div></td>
<td>31</td>
<td>com.testingshastra.testrunner.RunnerTest@134d211</td></tr>
<tr>
<td title='com.testingshastra.testrunner.RunnerTest.runScenario()'><b>runScenario</b><br>Test class: com.testingshastra.testrunner.RunnerTest<br>Test method: Runs Cucumber Scenarios<br>Parameters: "verify  bank name field", "Optional[this feature test the add  bank functionality]"</td>
<td><div><pre>org.openqa.selenium.NoSuchElementException: Cannot locate element with text: accountType
For documentation on this error, please visit: https://www.seleniumhq.org/exceptions/no_such_element.html
Build info: version: &apos;3.141.59&apos;, revision: &apos;e82be7d358&apos;, time: &apos;2018-11-14T08:17:03&apos;
System info: host: &apos;ACER-PC&apos;, ip: &apos;192.168.42.200&apos;, os.name: &apos;Windows 7&apos;, os.arch: &apos;x86&apos;, os.version: &apos;6.1&apos;, java.version: &apos;1.8.0_241&apos;
Driver info: driver.version: unknown
	at org.openqa.selenium.support.ui.Select.selectByVisibleText(Select.java:147)
	at com.testingshshtra.pages.AddBankPage.selectAccountType(AddBankPage.java:112)
	at com.testingshashtra.stepdefination.AddBankTest.enter(AddBankTest.java:45)
	at ?.Enter &apos;&apos; , &apos;abc&apos;,&apos;123456789123&apos;,&apos;Savings&apos; ,&apos;ABCD0012&apos;,&apos;123456789&apos;(file:///D:/Git%20Projects/ResoProject/BG/src/main/resources/Features/AddBankFeatures.feature:25)
</pre></div><a href='#' onClick='toggleBox("stack-trace15567322", this, "Click to show all stack frames", "Click to hide stack frames")'>Click to show all stack frames</a>
<div class='stack-trace' id='stack-trace15567322'><pre>org.openqa.selenium.NoSuchElementException: Cannot locate element with text: accountType
For documentation on this error, please visit: https://www.seleniumhq.org/exceptions/no_such_element.html
Build info: version: &apos;3.141.59&apos;, revision: &apos;e82be7d358&apos;, time: &apos;2018-11-14T08:17:03&apos;
System info: host: &apos;ACER-PC&apos;, ip: &apos;192.168.42.200&apos;, os.name: &apos;Windows 7&apos;, os.arch: &apos;x86&apos;, os.version: &apos;6.1&apos;, java.version: &apos;1.8.0_241&apos;
Driver info: driver.version: unknown
	at org.openqa.selenium.support.ui.Select.selectByVisibleText(Select.java:147)
	at com.testingshshtra.pages.AddBankPage.selectAccountType(AddBankPage.java:112)
	at com.testingshashtra.stepdefination.AddBankTest.enter(AddBankTest.java:45)
	at ?.Enter &apos;&apos; , &apos;abc&apos;,&apos;123456789123&apos;,&apos;Savings&apos; ,&apos;ABCD0012&apos;,&apos;123456789&apos;(file:///D:/Git%20Projects/ResoProject/BG/src/main/resources/Features/AddBankFeatures.feature:25)
</pre></div></td>
<td>34</td>
<td>com.testingshastra.testrunner.RunnerTest@134d211</td></tr>
<tr>
<td title='com.testingshastra.testrunner.RunnerTest.runScenario()'><b>runScenario</b><br>Test class: com.testingshastra.testrunner.RunnerTest<br>Test method: Runs Cucumber Scenarios<br>Parameters: "verify  bank name field", "Optional[this feature test the add  bank functionality]"</td>
<td><div><pre>org.openqa.selenium.NoSuchElementException: Cannot locate element with text: accountType
For documentation on this error, please visit: https://www.seleniumhq.org/exceptions/no_such_element.html
Build info: version: &apos;3.141.59&apos;, revision: &apos;e82be7d358&apos;, time: &apos;2018-11-14T08:17:03&apos;
System info: host: &apos;ACER-PC&apos;, ip: &apos;192.168.42.200&apos;, os.name: &apos;Windows 7&apos;, os.arch: &apos;x86&apos;, os.version: &apos;6.1&apos;, java.version: &apos;1.8.0_241&apos;
Driver info: driver.version: unknown
	at org.openqa.selenium.support.ui.Select.selectByVisibleText(Select.java:147)
	at com.testingshshtra.pages.AddBankPage.selectAccountType(AddBankPage.java:112)
	at com.testingshashtra.stepdefination.AddBankTest.enter(AddBankTest.java:45)
	at ?.Enter &apos;12&apos; , &apos;abc&apos;,&apos;123456789123&apos;,&apos;Savings&apos; ,&apos;ABCD0012&apos;,&apos;123456789&apos;(file:///D:/Git%20Projects/ResoProject/BG/src/main/resources/Features/AddBankFeatures.feature:25)
</pre></div><a href='#' onClick='toggleBox("stack-trace13827931", this, "Click to show all stack frames", "Click to hide stack frames")'>Click to show all stack frames</a>
<div class='stack-trace' id='stack-trace13827931'><pre>org.openqa.selenium.NoSuchElementException: Cannot locate element with text: accountType
For documentation on this error, please visit: https://www.seleniumhq.org/exceptions/no_such_element.html
Build info: version: &apos;3.141.59&apos;, revision: &apos;e82be7d358&apos;, time: &apos;2018-11-14T08:17:03&apos;
System info: host: &apos;ACER-PC&apos;, ip: &apos;192.168.42.200&apos;, os.name: &apos;Windows 7&apos;, os.arch: &apos;x86&apos;, os.version: &apos;6.1&apos;, java.version: &apos;1.8.0_241&apos;
Driver info: driver.version: unknown
	at org.openqa.selenium.support.ui.Select.selectByVisibleText(Select.java:147)
	at com.testingshshtra.pages.AddBankPage.selectAccountType(AddBankPage.java:112)
	at com.testingshashtra.stepdefination.AddBankTest.enter(AddBankTest.java:45)
	at ?.Enter &apos;12&apos; , &apos;abc&apos;,&apos;123456789123&apos;,&apos;Savings&apos; ,&apos;ABCD0012&apos;,&apos;123456789&apos;(file:///D:/Git%20Projects/ResoProject/BG/src/main/resources/Features/AddBankFeatures.feature:25)
</pre></div></td>
<td>32</td>
<td>com.testingshastra.testrunner.RunnerTest@134d211</td></tr>
</table><p>
<table width='100%' border='1' class='invocation-passed'>
<tr><td colspan='4' align='center'><b>PASSED TESTS</b></td></tr>
<tr><td><b>Test method</b></td>
<td width="30%"><b>Exception</b></td>
<td width="10%"><b>Time (seconds)</b></td>
<td><b>Instance</b></td>
</tr>
<tr>
<td title='com.testingshastra.testrunner.RunnerTest.runScenario()'><b>runScenario</b><br>Test class: com.testingshastra.testrunner.RunnerTest<br>Test method: Runs Cucumber Scenarios<br>Parameters: "Verify user able to update bank data", "Optional[This Feature test the edit fuctionality]"</td>
<td></td>
<td>15</td>
<td>com.testingshastra.testrunner.RunnerTest@134d211</td></tr>
<tr>
<td title='com.testingshastra.testrunner.RunnerTest.runScenario()'><b>runScenario</b><br>Test class: com.testingshastra.testrunner.RunnerTest<br>Test method: Runs Cucumber Scenarios<br>Parameters: "verify Login for valid input", "Optional[This feature Test the login page  for valid and invalid Input]"</td>
<td></td>
<td>8</td>
<td>com.testingshastra.testrunner.RunnerTest@134d211</td></tr>
<tr>
<td title='com.testingshastra.testrunner.RunnerTest.runScenario()'><b>runScenario</b><br>Test class: com.testingshastra.testrunner.RunnerTest<br>Test method: Runs Cucumber Scenarios<br>Parameters: "verify master menu shows submenu list", "Optional[this feature test the main module functinality]"</td>
<td></td>
<td>28</td>
<td>com.testingshastra.testrunner.RunnerTest@134d211</td></tr>
</table><p>
</body>
</html>