<!DOCTYPE html>

<html>
  <head>
  <meta charset='utf-8'>
  <title>TestNG reports</title>

    <link type="text/css" href="testng-reports.css" rel="stylesheet" />
    <script type="text/javascript" src="jquery-1.7.1.min.js"></script>
    <script type="text/javascript" src="testng-reports.js"></script>
    <script type="text/javascript" src="https://www.google.com/jsapi"></script>
    <script type='text/javascript'>
      google.load('visualization', '1', {packages:['table']});
      google.setOnLoadCallback(drawTable);
      var suiteTableInitFunctions = new Array();
      var suiteTableData = new Array();
    </script>
    <!--
      <script type="text/javascript" src="jquery-ui/js/jquery-ui-1.8.16.custom.min.js"></script>
     -->
  </head>

  <body>
    <div class="top-banner-root">
      <span class="top-banner-title-font">Test results</span>
      <br/>
      <span class="top-banner-font-1">1 suite, 7 failed tests</span>
    </div> <!-- top-banner-root -->
    <div class="navigator-root">
      <div class="navigator-suite-header">
        <span>All suites</span>
        <a href="#" class="collapse-all-link" title="Collapse/expand all the suites">
          <img class="collapse-all-icon" src="collapseall.gif">
          </img> <!-- collapse-all-icon -->
        </a> <!-- collapse-all-link -->
      </div> <!-- navigator-suite-header -->
      <div class="suite">
        <div class="rounded-window">
          <div class="suite-header light-rounded-window-top">
            <a href="#" class="navigator-link" panel-name="suite-Suite">
              <span class="suite-name border-failed">Suite</span>
            </a> <!-- navigator-link -->
          </div> <!-- suite-header light-rounded-window-top -->
          <div class="navigator-suite-content">
            <div class="suite-section-title">
              <span>Info</span>
            </div> <!-- suite-section-title -->
            <div class="suite-section-content">
              <ul>
                <li>
                  <a href="#" class="navigator-link " panel-name="test-xml-Suite">
                    <span>D:\Git Projects\ResoProject\BG\testng-cucumber.xml</span>
                  </a> <!-- navigator-link  -->
                </li>
                <li>
                  <a href="#" class="navigator-link " panel-name="testlist-Suite">
                    <span class="test-stats">1 test</span>
                  </a> <!-- navigator-link  -->
                </li>
                <li>
                  <a href="#" class="navigator-link " panel-name="group-Suite">
                    <span>1 group</span>
                  </a> <!-- navigator-link  -->
                </li>
                <li>
                  <a href="#" class="navigator-link " panel-name="times-Suite">
                    <span>Times</span>
                  </a> <!-- navigator-link  -->
                </li>
                <li>
                  <a href="#" class="navigator-link " panel-name="reporter-Suite">
                    <span>Reporter output</span>
                  </a> <!-- navigator-link  -->
                </li>
                <li>
                  <a href="#" class="navigator-link " panel-name="ignored-methods-Suite">
                    <span>Ignored methods</span>
                  </a> <!-- navigator-link  -->
                </li>
                <li>
                  <a href="#" class="navigator-link " panel-name="chronological-Suite">
                    <span>Chronological view</span>
                  </a> <!-- navigator-link  -->
                </li>
              </ul>
            </div> <!-- suite-section-content -->
            <div class="result-section">
              <div class="suite-section-title">
                <span>Results</span>
              </div> <!-- suite-section-title -->
              <div class="suite-section-content">
                <ul>
                  <li>
                    <span class="method-stats">10 methods, 7 failed,   3 passed</span>
                  </li>
                  <li>
                    <span class="method-list-title failed">Failed methods</span>
                    <span class="show-or-hide-methods failed">
                      <a href="#" panel-name="suite-Suite" class="hide-methods failed suite-Suite"> (hide)</a> <!-- hide-methods failed suite-Suite -->
                      <a href="#" panel-name="suite-Suite" class="show-methods failed suite-Suite"> (show)</a> <!-- show-methods failed suite-Suite -->
                    </span>
                    <div class="method-list-content failed suite-Suite">
                      <span>
                        <img width="3%" src="failed.png"/>
                        <a href="#" class="method navigator-link" panel-name="suite-Suite" title="com.testingshastra.testrunner.RunnerTest" hash-for-method="runScenario(&quot;verify  bank name field&quot;, &quot;Optional[this feature test the add  bank functionality]&quot;)">runScenario("verify  bank name field", "Optional[this feature test the add  bank functionality]")</a> <!-- method navigator-link -->
                      </span>
                      <br/>
                      <span>
                        <img width="3%" src="failed.png"/>
                        <a href="#" class="method navigator-link" panel-name="suite-Suite" title="com.testingshastra.testrunner.RunnerTest" hash-for-method="runScenario(&quot;verify  bank name field&quot;, &quot;Optional[this feature test the add  bank functionality]&quot;)">runScenario("verify  bank name field", "Optional[this feature test the add  bank functionality]")</a> <!-- method navigator-link -->
                      </span>
                      <br/>
                      <span>
                        <img width="3%" src="failed.png"/>
                        <a href="#" class="method navigator-link" panel-name="suite-Suite" title="com.testingshastra.testrunner.RunnerTest" hash-for-method="runScenario(&quot;verify  bank name field&quot;, &quot;Optional[this feature test the add  bank functionality]&quot;)">runScenario("verify  bank name field", "Optional[this feature test the add  bank functionality]")</a> <!-- method navigator-link -->
                      </span>
                      <br/>
                      <span>
                        <img width="3%" src="failed.png"/>
                        <a href="#" class="method navigator-link" panel-name="suite-Suite" title="com.testingshastra.testrunner.RunnerTest" hash-for-method="runScenario(&quot;verify  bank name field&quot;, &quot;Optional[this feature test the add  bank functionality]&quot;)">runScenario("verify  bank name field", "Optional[this feature test the add  bank functionality]")</a> <!-- method navigator-link -->
                      </span>
                      <br/>
                      <span>
                        <img width="3%" src="failed.png"/>
                        <a href="#" class="method navigator-link" panel-name="suite-Suite" title="com.testingshastra.testrunner.RunnerTest" hash-for-method="runScenario(&quot;verify  bank name field&quot;, &quot;Optional[this feature test the add  bank functionality]&quot;)">runScenario("verify  bank name field", "Optional[this feature test the add  bank functionality]")</a> <!-- method navigator-link -->
                      </span>
                      <br/>
                      <span>
                        <img width="3%" src="failed.png"/>
                        <a href="#" class="method navigator-link" panel-name="suite-Suite" title="com.testingshastra.testrunner.RunnerTest" hash-for-method="runScenario(&quot;verify  bank name field&quot;, &quot;Optional[this feature test the add  bank functionality]&quot;)">runScenario("verify  bank name field", "Optional[this feature test the add  bank functionality]")</a> <!-- method navigator-link -->
                      </span>
                      <br/>
                      <span>
                        <img width="3%" src="failed.png"/>
                        <a href="#" class="method navigator-link" panel-name="suite-Suite" title="com.testingshastra.testrunner.RunnerTest" hash-for-method="runScenario(&quot;verify  bank name field&quot;, &quot;Optional[this feature test the add  bank functionality]&quot;)">runScenario("verify  bank name field", "Optional[this feature test the add  bank functionality]")</a> <!-- method navigator-link -->
                      </span>
                      <br/>
                    </div> <!-- method-list-content failed suite-Suite -->
                  </li>
                  <li>
                    <span class="method-list-title passed">Passed methods</span>
                    <span class="show-or-hide-methods passed">
                      <a href="#" panel-name="suite-Suite" class="hide-methods passed suite-Suite"> (hide)</a> <!-- hide-methods passed suite-Suite -->
                      <a href="#" panel-name="suite-Suite" class="show-methods passed suite-Suite"> (show)</a> <!-- show-methods passed suite-Suite -->
                    </span>
                    <div class="method-list-content passed suite-Suite">
                      <span>
                        <img width="3%" src="passed.png"/>
                        <a href="#" class="method navigator-link" panel-name="suite-Suite" title="com.testingshastra.testrunner.RunnerTest" hash-for-method="runScenario(&quot;Verify user able to update bank data&quot;, &quot;Optional[This Feature test the edit fuctionality]&quot;)">runScenario("Verify user able to update bank data", "Optional[This Feature test the edit fuctionality]")</a> <!-- method navigator-link -->
                      </span>
                      <br/>
                      <span>
                        <img width="3%" src="passed.png"/>
                        <a href="#" class="method navigator-link" panel-name="suite-Suite" title="com.testingshastra.testrunner.RunnerTest" hash-for-method="runScenario(&quot;verify master menu shows submenu list&quot;, &quot;Optional[this feature test the main module functinality]&quot;)">runScenario("verify master menu shows submenu list", "Optional[this feature test the main module functinality]")</a> <!-- method navigator-link -->
                      </span>
                      <br/>
                      <span>
                        <img width="3%" src="passed.png"/>
                        <a href="#" class="method navigator-link" panel-name="suite-Suite" title="com.testingshastra.testrunner.RunnerTest" hash-for-method="runScenario(&quot;verify Login for valid input&quot;, &quot;Optional[This feature Test the login page  for valid and invalid In...)">runScenario("verify Login for valid input", "Optional[This feature Test the login page  for valid and invalid In...)</a> <!-- method navigator-link -->
                      </span>
                      <br/>
                    </div> <!-- method-list-content passed suite-Suite -->
                  </li>
                </ul>
              </div> <!-- suite-section-content -->
            </div> <!-- result-section -->
          </div> <!-- navigator-suite-content -->
        </div> <!-- rounded-window -->
      </div> <!-- suite -->
    </div> <!-- navigator-root -->
    <div class="wrapper">
      <div class="main-panel-root">
        <div panel-name="suite-Suite" class="panel Suite">
          <div class="suite-Suite-class-failed">
            <div class="main-panel-header rounded-window-top">
              <img src="failed.png"/>
              <span class="class-name">com.testingshastra.testrunner.RunnerTest</span>
            </div> <!-- main-panel-header rounded-window-top -->
            <div class="main-panel-content rounded-window-bottom">
              <div class="method">
                <div class="method-content">
                  <a name="runScenario(&quot;verify  bank name field&quot;, &quot;Optional[this feature test the add  bank functionality]&quot;)">
                  </a> <!-- runScenario("verify  bank name field", "Optional[this feature test the add  bank functionality]") -->
                  <span class="method-name">runScenario</span>
                  <span class="parameters">("verify  bank name field", "Optional[this feature test the add  bank functionality]")</span>
                  <div class="stack-trace">org.openqa.selenium.NoSuchElementException: Cannot locate element with text: accountType
For documentation on this error, please visit: https://www.seleniumhq.org/exceptions/no_such_element.html
Build info: version: &apos;3.141.59&apos;, revision: &apos;e82be7d358&apos;, time: &apos;2018-11-14T08:17:03&apos;
System info: host: &apos;ACER-PC&apos;, ip: &apos;192.168.42.200&apos;, os.name: &apos;Windows 7&apos;, os.arch: &apos;x86&apos;, os.version: &apos;6.1&apos;, java.version: &apos;1.8.0_241&apos;
Driver info: driver.version: unknown
	at org.openqa.selenium.support.ui.Select.selectByVisibleText(Select.java:147)
	at com.testingshshtra.pages.AddBankPage.selectAccountType(AddBankPage.java:112)
	at com.testingshashtra.stepdefination.AddBankTest.enter(AddBankTest.java:45)
	at ✽.Enter &apos;121223&apos; , &apos;abc&apos;,&apos;123456789123&apos;,&apos;Savings&apos; ,&apos;ABCD0012&apos;,&apos;123456789&apos;(file:///D:/Git%20Projects/ResoProject/BG/src/main/resources/Features/AddBankFeatures.feature:25)

</div> <!-- stack-trace -->
                  <em>
(Runs Cucumber Scenarios)                  </em>
                </div> <!-- method-content -->
              </div> <!-- method -->
              <div class="method">
                <div class="method-content">
                  <a name="runScenario(&quot;verify  bank name field&quot;, &quot;Optional[this feature test the add  bank functionality]&quot;)">
                  </a> <!-- runScenario("verify  bank name field", "Optional[this feature test the add  bank functionality]") -->
                  <span class="method-name">runScenario</span>
                  <span class="parameters">("verify  bank name field", "Optional[this feature test the add  bank functionality]")</span>
                  <div class="stack-trace">org.openqa.selenium.NoSuchElementException: Cannot locate element with text: accountType
For documentation on this error, please visit: https://www.seleniumhq.org/exceptions/no_such_element.html
Build info: version: &apos;3.141.59&apos;, revision: &apos;e82be7d358&apos;, time: &apos;2018-11-14T08:17:03&apos;
System info: host: &apos;ACER-PC&apos;, ip: &apos;192.168.42.200&apos;, os.name: &apos;Windows 7&apos;, os.arch: &apos;x86&apos;, os.version: &apos;6.1&apos;, java.version: &apos;1.8.0_241&apos;
Driver info: driver.version: unknown
	at org.openqa.selenium.support.ui.Select.selectByVisibleText(Select.java:147)
	at com.testingshshtra.pages.AddBankPage.selectAccountType(AddBankPage.java:112)
	at com.testingshashtra.stepdefination.AddBankTest.enter(AddBankTest.java:45)
	at ✽.Enter &apos;12&apos; , &apos;abc&apos;,&apos;123456789123&apos;,&apos;Savings&apos; ,&apos;ABCD0012&apos;,&apos;123456789&apos;(file:///D:/Git%20Projects/ResoProject/BG/src/main/resources/Features/AddBankFeatures.feature:25)

</div> <!-- stack-trace -->
                  <em>
(Runs Cucumber Scenarios)                  </em>
                </div> <!-- method-content -->
              </div> <!-- method -->
              <div class="method">
                <div class="method-content">
                  <a name="runScenario(&quot;verify  bank name field&quot;, &quot;Optional[this feature test the add  bank functionality]&quot;)">
                  </a> <!-- runScenario("verify  bank name field", "Optional[this feature test the add  bank functionality]") -->
                  <span class="method-name">runScenario</span>
                  <span class="parameters">("verify  bank name field", "Optional[this feature test the add  bank functionality]")</span>
                  <div class="stack-trace">org.openqa.selenium.NoSuchElementException: Cannot locate element with text: accountType
For documentation on this error, please visit: https://www.seleniumhq.org/exceptions/no_such_element.html
Build info: version: &apos;3.141.59&apos;, revision: &apos;e82be7d358&apos;, time: &apos;2018-11-14T08:17:03&apos;
System info: host: &apos;ACER-PC&apos;, ip: &apos;192.168.42.200&apos;, os.name: &apos;Windows 7&apos;, os.arch: &apos;x86&apos;, os.version: &apos;6.1&apos;, java.version: &apos;1.8.0_241&apos;
Driver info: driver.version: unknown
	at org.openqa.selenium.support.ui.Select.selectByVisibleText(Select.java:147)
	at com.testingshshtra.pages.AddBankPage.selectAccountType(AddBankPage.java:112)
	at com.testingshashtra.stepdefination.AddBankTest.enter(AddBankTest.java:45)
	at ✽.Enter &apos;&apos; , &apos;abc&apos;,&apos;123456789123&apos;,&apos;Savings&apos; ,&apos;ABCD0012&apos;,&apos;123456789&apos;(file:///D:/Git%20Projects/ResoProject/BG/src/main/resources/Features/AddBankFeatures.feature:25)

</div> <!-- stack-trace -->
                  <em>
(Runs Cucumber Scenarios)                  </em>
                </div> <!-- method-content -->
              </div> <!-- method -->
              <div class="method">
                <div class="method-content">
                  <a name="runScenario(&quot;verify  bank name field&quot;, &quot;Optional[this feature test the add  bank functionality]&quot;)">
                  </a> <!-- runScenario("verify  bank name field", "Optional[this feature test the add  bank functionality]") -->
                  <span class="method-name">runScenario</span>
                  <span class="parameters">("verify  bank name field", "Optional[this feature test the add  bank functionality]")</span>
                  <div class="stack-trace">org.openqa.selenium.NoSuchElementException: Cannot locate element with text: accountType
For documentation on this error, please visit: https://www.seleniumhq.org/exceptions/no_such_element.html
Build info: version: &apos;3.141.59&apos;, revision: &apos;e82be7d358&apos;, time: &apos;2018-11-14T08:17:03&apos;
System info: host: &apos;ACER-PC&apos;, ip: &apos;192.168.42.200&apos;, os.name: &apos;Windows 7&apos;, os.arch: &apos;x86&apos;, os.version: &apos;6.1&apos;, java.version: &apos;1.8.0_241&apos;
Driver info: driver.version: unknown
	at org.openqa.selenium.support.ui.Select.selectByVisibleText(Select.java:147)
	at com.testingshshtra.pages.AddBankPage.selectAccountType(AddBankPage.java:112)
	at com.testingshashtra.stepdefination.AddBankTest.enter(AddBankTest.java:45)
	at ✽.Enter &apos;ds&apos; , &apos;abc&apos;,&apos;123456789123&apos;,&apos;Savings&apos; ,&apos;ABCD0012&apos;,&apos;123456789&apos;(file:///D:/Git%20Projects/ResoProject/BG/src/main/resources/Features/AddBankFeatures.feature:25)

</div> <!-- stack-trace -->
                  <em>
(Runs Cucumber Scenarios)                  </em>
                </div> <!-- method-content -->
              </div> <!-- method -->
              <div class="method">
                <div class="method-content">
                  <a name="runScenario(&quot;verify  bank name field&quot;, &quot;Optional[this feature test the add  bank functionality]&quot;)">
                  </a> <!-- runScenario("verify  bank name field", "Optional[this feature test the add  bank functionality]") -->
                  <span class="method-name">runScenario</span>
                  <span class="parameters">("verify  bank name field", "Optional[this feature test the add  bank functionality]")</span>
                  <div class="stack-trace">org.openqa.selenium.NoSuchElementException: Cannot locate element with text: accountType
For documentation on this error, please visit: https://www.seleniumhq.org/exceptions/no_such_element.html
Build info: version: &apos;3.141.59&apos;, revision: &apos;e82be7d358&apos;, time: &apos;2018-11-14T08:17:03&apos;
System info: host: &apos;ACER-PC&apos;, ip: &apos;192.168.42.200&apos;, os.name: &apos;Windows 7&apos;, os.arch: &apos;x86&apos;, os.version: &apos;6.1&apos;, java.version: &apos;1.8.0_241&apos;
Driver info: driver.version: unknown
	at org.openqa.selenium.support.ui.Select.selectByVisibleText(Select.java:147)
	at com.testingshshtra.pages.AddBankPage.selectAccountType(AddBankPage.java:112)
	at com.testingshashtra.stepdefination.AddBankTest.enter(AddBankTest.java:45)
	at ✽.Enter &apos;12&apos; , &apos;abc&apos;,&apos;123456789123&apos;,&apos;Savings&apos; ,&apos;ABCD0012&apos;,&apos;123456789&apos;(file:///D:/Git%20Projects/ResoProject/BG/src/main/resources/Features/AddBankFeatures.feature:25)

</div> <!-- stack-trace -->
                  <em>
(Runs Cucumber Scenarios)                  </em>
                </div> <!-- method-content -->
              </div> <!-- method -->
              <div class="method">
                <div class="method-content">
                  <a name="runScenario(&quot;verify  bank name field&quot;, &quot;Optional[this feature test the add  bank functionality]&quot;)">
                  </a> <!-- runScenario("verify  bank name field", "Optional[this feature test the add  bank functionality]") -->
                  <span class="method-name">runScenario</span>
                  <span class="parameters">("verify  bank name field", "Optional[this feature test the add  bank functionality]")</span>
                  <div class="stack-trace">org.openqa.selenium.NoSuchElementException: Cannot locate element with text: accountType
For documentation on this error, please visit: https://www.seleniumhq.org/exceptions/no_such_element.html
Build info: version: &apos;3.141.59&apos;, revision: &apos;e82be7d358&apos;, time: &apos;2018-11-14T08:17:03&apos;
System info: host: &apos;ACER-PC&apos;, ip: &apos;192.168.42.200&apos;, os.name: &apos;Windows 7&apos;, os.arch: &apos;x86&apos;, os.version: &apos;6.1&apos;, java.version: &apos;1.8.0_241&apos;
Driver info: driver.version: unknown
	at org.openqa.selenium.support.ui.Select.selectByVisibleText(Select.java:147)
	at com.testingshshtra.pages.AddBankPage.selectAccountType(AddBankPage.java:112)
	at com.testingshashtra.stepdefination.AddBankTest.enter(AddBankTest.java:45)
	at ✽.Enter &apos;jgjf dkfgkj&apos; , &apos;abc&apos;,&apos;123456789123&apos;,&apos;Savings&apos; ,&apos;ABCD0012&apos;,&apos;123456789&apos;(file:///D:/Git%20Projects/ResoProject/BG/src/main/resources/Features/AddBankFeatures.feature:25)

</div> <!-- stack-trace -->
                  <em>
(Runs Cucumber Scenarios)                  </em>
                </div> <!-- method-content -->
              </div> <!-- method -->
              <div class="method">
                <div class="method-content">
                  <a name="runScenario(&quot;verify  bank name field&quot;, &quot;Optional[this feature test the add  bank functionality]&quot;)">
                  </a> <!-- runScenario("verify  bank name field", "Optional[this feature test the add  bank functionality]") -->
                  <span class="method-name">runScenario</span>
                  <span class="parameters">("verify  bank name field", "Optional[this feature test the add  bank functionality]")</span>
                  <div class="stack-trace">org.openqa.selenium.NoSuchElementException: Cannot locate element with text: accountType
For documentation on this error, please visit: https://www.seleniumhq.org/exceptions/no_such_element.html
Build info: version: &apos;3.141.59&apos;, revision: &apos;e82be7d358&apos;, time: &apos;2018-11-14T08:17:03&apos;
System info: host: &apos;ACER-PC&apos;, ip: &apos;192.168.42.200&apos;, os.name: &apos;Windows 7&apos;, os.arch: &apos;x86&apos;, os.version: &apos;6.1&apos;, java.version: &apos;1.8.0_241&apos;
Driver info: driver.version: unknown
	at org.openqa.selenium.support.ui.Select.selectByVisibleText(Select.java:147)
	at com.testingshshtra.pages.AddBankPage.selectAccountType(AddBankPage.java:112)
	at com.testingshashtra.stepdefination.AddBankTest.enter(AddBankTest.java:45)
	at ✽.Enter &apos;12asssfd%vvd&apos; , &apos;abc&apos;,&apos;123456789123&apos;,&apos;Savings&apos; ,&apos;ABCD0012&apos;,&apos;123456789&apos;(file:///D:/Git%20Projects/ResoProject/BG/src/main/resources/Features/AddBankFeatures.feature:25)

</div> <!-- stack-trace -->
                  <em>
(Runs Cucumber Scenarios)                  </em>
                </div> <!-- method-content -->
              </div> <!-- method -->
            </div> <!-- main-panel-content rounded-window-bottom -->
          </div> <!-- suite-Suite-class-failed -->
          <div class="suite-Suite-class-passed">
            <div class="main-panel-header rounded-window-top">
              <img src="passed.png"/>
              <span class="class-name">com.testingshastra.testrunner.RunnerTest</span>
            </div> <!-- main-panel-header rounded-window-top -->
            <div class="main-panel-content rounded-window-bottom">
              <div class="method">
                <div class="method-content">
                  <a name="runScenario(&quot;Verify user able to update bank data&quot;, &quot;Optional[This Feature test the edit fuctionality]&quot;)">
                  </a> <!-- runScenario("Verify user able to update bank data", "Optional[This Feature test the edit fuctionality]") -->
                  <span class="method-name">runScenario</span>
                  <span class="parameters">("Verify user able to update bank data", "Optional[This Feature test the edit fuctionality]")</span>
                  <em>
(Runs Cucumber Scenarios)                  </em>
                </div> <!-- method-content -->
              </div> <!-- method -->
              <div class="method">
                <div class="method-content">
                  <a name="runScenario(&quot;verify master menu shows submenu list&quot;, &quot;Optional[this feature test the main module functinality]&quot;)">
                  </a> <!-- runScenario("verify master menu shows submenu list", "Optional[this feature test the main module functinality]") -->
                  <span class="method-name">runScenario</span>
                  <span class="parameters">("verify master menu shows submenu list", "Optional[this feature test the main module functinality]")</span>
                  <em>
(Runs Cucumber Scenarios)                  </em>
                </div> <!-- method-content -->
              </div> <!-- method -->
              <div class="method">
                <div class="method-content">
                  <a name="runScenario(&quot;verify Login for valid input&quot;, &quot;Optional[This feature Test the login page  for valid and invalid In...)">
                  </a> <!-- runScenario("verify Login for valid input", "Optional[This feature Test the login page  for valid and invalid In...) -->
                  <span class="method-name">runScenario</span>
                  <span class="parameters">("verify Login for valid input", "Optional[This feature Test the login page  for valid and invalid Input]")</span>
                  <em>
(Runs Cucumber Scenarios)                  </em>
                </div> <!-- method-content -->
              </div> <!-- method -->
            </div> <!-- main-panel-content rounded-window-bottom -->
          </div> <!-- suite-Suite-class-passed -->
        </div> <!-- panel Suite -->
        <div panel-name="test-xml-Suite" class="panel">
          <div class="main-panel-header rounded-window-top">
            <span class="header-content">D:\Git Projects\ResoProject\BG\testng-cucumber.xml</span>
          </div> <!-- main-panel-header rounded-window-top -->
          <div class="main-panel-content rounded-window-bottom">
            <pre>
&lt;?xml version=&quot;1.0&quot; encoding=&quot;UTF-8&quot;?&gt;
&lt;!DOCTYPE suite SYSTEM &quot;http://testng.org/testng-1.0.dtd&quot;&gt;
&lt;suite guice-stage=&quot;DEVELOPMENT&quot; verbose=&quot;0&quot; name=&quot;Suite&quot;&gt;
  &lt;test thread-count=&quot;5&quot; verbose=&quot;0&quot; name=&quot;Test&quot;&gt;
    &lt;classes&gt;
      &lt;class name=&quot;com.testingshastra.testrunner.RunnerTest&quot;/&gt;
    &lt;/classes&gt;
  &lt;/test&gt; &lt;!-- Test --&gt;
&lt;/suite&gt; &lt;!-- Suite --&gt;
            </pre>
          </div> <!-- main-panel-content rounded-window-bottom -->
        </div> <!-- panel -->
        <div panel-name="testlist-Suite" class="panel">
          <div class="main-panel-header rounded-window-top">
            <span class="header-content">Tests for Suite</span>
          </div> <!-- main-panel-header rounded-window-top -->
          <div class="main-panel-content rounded-window-bottom">
            <ul>
              <li>
                <span class="test-name">Test (1 class)</span>
              </li>
            </ul>
          </div> <!-- main-panel-content rounded-window-bottom -->
        </div> <!-- panel -->
        <div panel-name="group-Suite" class="panel">
          <div class="main-panel-header rounded-window-top">
            <span class="header-content">Groups for Suite</span>
          </div> <!-- main-panel-header rounded-window-top -->
          <div class="main-panel-content rounded-window-bottom">
            <div class="test-group">
              <span class="test-group-name">cucumber</span>
              <br/>
              <div class="method-in-group">
                <span class="method-in-group-name">runScenario</span>
                <br/>
              </div> <!-- method-in-group -->
            </div> <!-- test-group -->
          </div> <!-- main-panel-content rounded-window-bottom -->
        </div> <!-- panel -->
        <div panel-name="times-Suite" class="panel">
          <div class="main-panel-header rounded-window-top">
            <span class="header-content">Times for Suite</span>
          </div> <!-- main-panel-header rounded-window-top -->
          <div class="main-panel-content rounded-window-bottom">
            <div class="times-div">
              <script type="text/javascript">
suiteTableInitFunctions.push('tableData_Suite');
function tableData_Suite() {
var data = new google.visualization.DataTable();
data.addColumn('number', 'Number');
data.addColumn('string', 'Method');
data.addColumn('string', 'Class');
data.addColumn('number', 'Time (ms)');
data.addRows(10);
data.setCell(0, 0, 0)
data.setCell(0, 1, 'runScenario')
data.setCell(0, 2, 'com.testingshastra.testrunner.RunnerTest')
data.setCell(0, 3, 35353);
data.setCell(1, 0, 1)
data.setCell(1, 1, 'runScenario')
data.setCell(1, 2, 'com.testingshastra.testrunner.RunnerTest')
data.setCell(1, 3, 34012);
data.setCell(2, 0, 2)
data.setCell(2, 1, 'runScenario')
data.setCell(2, 2, 'com.testingshastra.testrunner.RunnerTest')
data.setCell(2, 3, 32674);
data.setCell(3, 0, 3)
data.setCell(3, 1, 'runScenario')
data.setCell(3, 2, 'com.testingshastra.testrunner.RunnerTest')
data.setCell(3, 3, 32558);
data.setCell(4, 0, 4)
data.setCell(4, 1, 'runScenario')
data.setCell(4, 2, 'com.testingshastra.testrunner.RunnerTest')
data.setCell(4, 3, 32471);
data.setCell(5, 0, 5)
data.setCell(5, 1, 'runScenario')
data.setCell(5, 2, 'com.testingshastra.testrunner.RunnerTest')
data.setCell(5, 3, 32271);
data.setCell(6, 0, 6)
data.setCell(6, 1, 'runScenario')
data.setCell(6, 2, 'com.testingshastra.testrunner.RunnerTest')
data.setCell(6, 3, 31717);
data.setCell(7, 0, 7)
data.setCell(7, 1, 'runScenario')
data.setCell(7, 2, 'com.testingshastra.testrunner.RunnerTest')
data.setCell(7, 3, 28412);
data.setCell(8, 0, 8)
data.setCell(8, 1, 'runScenario')
data.setCell(8, 2, 'com.testingshastra.testrunner.RunnerTest')
data.setCell(8, 3, 15610);
data.setCell(9, 0, 9)
data.setCell(9, 1, 'runScenario')
data.setCell(9, 2, 'com.testingshastra.testrunner.RunnerTest')
data.setCell(9, 3, 8271);
window.suiteTableData['Suite']= { tableData: data, tableDiv: 'times-div-Suite'}
return data;
}
              </script>
              <span class="suite-total-time">Total running time: 4 minutes</span>
              <div id="times-div-Suite">
              </div> <!-- times-div-Suite -->
            </div> <!-- times-div -->
          </div> <!-- main-panel-content rounded-window-bottom -->
        </div> <!-- panel -->
        <div panel-name="reporter-Suite" class="panel">
          <div class="main-panel-header rounded-window-top">
            <span class="header-content">Reporter output for Suite</span>
          </div> <!-- main-panel-header rounded-window-top -->
          <div class="main-panel-content rounded-window-bottom">
          </div> <!-- main-panel-content rounded-window-bottom -->
        </div> <!-- panel -->
        <div panel-name="ignored-methods-Suite" class="panel">
          <div class="main-panel-header rounded-window-top">
            <span class="header-content">0 ignored methods</span>
          </div> <!-- main-panel-header rounded-window-top -->
          <div class="main-panel-content rounded-window-bottom">
          </div> <!-- main-panel-content rounded-window-bottom -->
        </div> <!-- panel -->
        <div panel-name="chronological-Suite" class="panel">
          <div class="main-panel-header rounded-window-top">
            <span class="header-content">Methods in chronological order</span>
          </div> <!-- main-panel-header rounded-window-top -->
          <div class="main-panel-content rounded-window-bottom">
            <div class="chronological-class">
              <div class="chronological-class-name">com.testingshastra.testrunner.RunnerTest</div> <!-- chronological-class-name -->
              <div class="configuration-class before">
                <span class="method-name">setUpClass</span>
                <span class="method-start">0 ms</span>
              </div> <!-- configuration-class before -->
              <div class="test-method">
                <img src="failed.png">
                </img>
                <span class="method-name">runScenario("verify  bank name field", "Optional[this feature test the add  bank functionality]")</span>
                <span class="method-start">981 ms</span>
              </div> <!-- test-method -->
              <div class="test-method">
                <img src="failed.png">
                </img>
                <span class="method-name">runScenario("verify  bank name field", "Optional[this feature test the add  bank functionality]")</span>
                <span class="method-start">36462 ms</span>
              </div> <!-- test-method -->
              <div class="test-method">
                <img src="failed.png">
                </img>
                <span class="method-name">runScenario("verify  bank name field", "Optional[this feature test the add  bank functionality]")</span>
                <span class="method-start">68744 ms</span>
              </div> <!-- test-method -->
              <div class="test-method">
                <img src="failed.png">
                </img>
                <span class="method-name">runScenario("verify  bank name field", "Optional[this feature test the add  bank functionality]")</span>
                <span class="method-start">101433 ms</span>
              </div> <!-- test-method -->
              <div class="test-method">
                <img src="failed.png">
                </img>
                <span class="method-name">runScenario("verify  bank name field", "Optional[this feature test the add  bank functionality]")</span>
                <span class="method-start">133916 ms</span>
              </div> <!-- test-method -->
              <div class="test-method">
                <img src="failed.png">
                </img>
                <span class="method-name">runScenario("verify  bank name field", "Optional[this feature test the add  bank functionality]")</span>
                <span class="method-start">165650 ms</span>
              </div> <!-- test-method -->
              <div class="test-method">
                <img src="failed.png">
                </img>
                <span class="method-name">runScenario("verify  bank name field", "Optional[this feature test the add  bank functionality]")</span>
                <span class="method-start">199680 ms</span>
              </div> <!-- test-method -->
              <div class="test-method">
                <span class="method-name">runScenario("Verify user able to update bank data", "Optional[This Feature test the edit fuctionality]")</span>
                <span class="method-start">232298 ms</span>
              </div> <!-- test-method -->
              <div class="test-method">
                <span class="method-name">runScenario("verify Login for valid input", "Optional[This feature Test the login page  for valid and invalid In...)</span>
                <span class="method-start">247916 ms</span>
              </div> <!-- test-method -->
              <div class="test-method">
                <span class="method-name">runScenario("verify master menu shows submenu list", "Optional[this feature test the main module functinality]")</span>
                <span class="method-start">256251 ms</span>
              </div> <!-- test-method -->
              <div class="configuration-class after">
                <span class="method-name">tearDownClass</span>
                <span class="method-start">284668 ms</span>
              </div> <!-- configuration-class after -->
          </div> <!-- main-panel-content rounded-window-bottom -->
        </div> <!-- panel -->
      </div> <!-- main-panel-root -->
    </div> <!-- wrapper -->
  </body>
</html>
