<?xml version="1.0" encoding="UTF-8"?>
<testsuite xmlns:xsi="http://www.w3.org/2001/XMLSchema-instance" xsi:noNamespaceSchemaLocation="https://maven.apache.org/surefire/maven-surefire-plugin/xsd/surefire-test-report-3.0.xsd" version="3.0" name="TestSuite" time="294.43" tests="10" errors="0" skipped="0" failures="7">
  <properties>
    <property name="sun.desktop" value="windows"/>
    <property name="awt.toolkit" value="sun.awt.windows.WToolkit"/>
    <property name="file.encoding.pkg" value="sun.io"/>
    <property name="java.specification.version" value="1.8"/>
    <property name="webdriver.chrome.driver" value="C:\Users\Acer User\.cache\selenium\chromedriver\win32\88.0.4324.96\chromedriver.exe"/>
    <property name="sun.cpu.isalist" value="pentium_pro+mmx pentium_pro pentium+mmx pentium i486 i386 i86"/>
    <property name="sun.jnu.encoding" value="Cp1252"/>
    <property name="java.class.path" value="D:\Git Projects\ResoProject\BG\target\test-classes;D:\Git Projects\ResoProject\BG\target\classes;C:\Users\Acer User\.m2\repository\org\seleniumhq\selenium\selenium-java\3.141.59\selenium-java-3.141.59.jar;C:\Users\Acer User\.m2\repository\org\seleniumhq\selenium\selenium-api\3.141.59\selenium-api-3.141.59.jar;C:\Users\Acer User\.m2\repository\org\seleniumhq\selenium\selenium-chrome-driver\3.141.59\selenium-chrome-driver-3.141.59.jar;C:\Users\Acer User\.m2\repository\org\seleniumhq\selenium\selenium-edge-driver\3.141.59\selenium-edge-driver-3.141.59.jar;C:\Users\Acer User\.m2\repository\org\seleniumhq\selenium\selenium-firefox-driver\3.141.59\selenium-firefox-driver-3.141.59.jar;C:\Users\Acer User\.m2\repository\org\seleniumhq\selenium\selenium-ie-driver\3.141.59\selenium-ie-driver-3.141.59.jar;C:\Users\Acer User\.m2\repository\org\seleniumhq\selenium\selenium-opera-driver\3.141.59\selenium-opera-driver-3.141.59.jar;C:\Users\Acer User\.m2\repository\org\seleniumhq\selenium\selenium-remote-driver\3.141.59\selenium-remote-driver-3.141.59.jar;C:\Users\Acer User\.m2\repository\org\seleniumhq\selenium\selenium-safari-driver\3.141.59\selenium-safari-driver-3.141.59.jar;C:\Users\Acer User\.m2\repository\org\seleniumhq\selenium\selenium-support\3.141.59\selenium-support-3.141.59.jar;C:\Users\Acer User\.m2\repository\net\bytebuddy\byte-buddy\1.8.15\byte-buddy-1.8.15.jar;C:\Users\Acer User\.m2\repository\org\apache\commons\commons-exec\1.3\commons-exec-1.3.jar;C:\Users\Acer User\.m2\repository\com\google\guava\guava\25.0-jre\guava-25.0-jre.jar;C:\Users\Acer User\.m2\repository\com\google\code\findbugs\jsr305\1.3.9\jsr305-1.3.9.jar;C:\Users\Acer User\.m2\repository\org\checkerframework\checker-compat-qual\2.0.0\checker-compat-qual-2.0.0.jar;C:\Users\Acer User\.m2\repository\com\google\errorprone\error_prone_annotations\2.1.3\error_prone_annotations-2.1.3.jar;C:\Users\Acer User\.m2\repository\com\google\j2objc\j2objc-annotations\1.1\j2objc-annotations-1.1.jar;C:\Users\Acer User\.m2\repository\org\codehaus\mojo\animal-sniffer-annotations\1.14\animal-sniffer-annotations-1.14.jar;C:\Users\Acer User\.m2\repository\com\squareup\okhttp3\okhttp\3.11.0\okhttp-3.11.0.jar;C:\Users\Acer User\.m2\repository\com\squareup\okio\okio\1.14.0\okio-1.14.0.jar;C:\Users\Acer User\.m2\repository\io\github\bonigarcia\webdrivermanager\4.2.2\webdrivermanager-4.2.2.jar;C:\Users\Acer User\.m2\repository\org\slf4j\slf4j-api\1.7.30\slf4j-api-1.7.30.jar;C:\Users\Acer User\.m2\repository\commons-io\commons-io\2.8.0\commons-io-2.8.0.jar;C:\Users\Acer User\.m2\repository\com\google\code\gson\gson\2.8.6\gson-2.8.6.jar;C:\Users\Acer User\.m2\repository\org\apache\commons\commons-lang3\3.11\commons-lang3-3.11.jar;C:\Users\Acer User\.m2\repository\org\apache\httpcomponents\client5\httpclient5\5.0.1\httpclient5-5.0.1.jar;C:\Users\Acer User\.m2\repository\org\apache\httpcomponents\core5\httpcore5\5.0.1\httpcore5-5.0.1.jar;C:\Users\Acer User\.m2\repository\org\apache\httpcomponents\core5\httpcore5-h2\5.0.1\httpcore5-h2-5.0.1.jar;C:\Users\Acer User\.m2\repository\commons-codec\commons-codec\1.13\commons-codec-1.13.jar;C:\Users\Acer User\.m2\repository\org\rauschig\jarchivelib\1.1.0\jarchivelib-1.1.0.jar;C:\Users\Acer User\.m2\repository\org\apache\commons\commons-compress\1.20\commons-compress-1.20.jar;C:\Users\Acer User\.m2\repository\org\jsoup\jsoup\1.13.1\jsoup-1.13.1.jar;C:\Users\Acer User\.m2\repository\org\testng\testng\6.14.3\testng-6.14.3.jar;C:\Users\Acer User\.m2\repository\com\beust\jcommander\1.72\jcommander-1.72.jar;C:\Users\Acer User\.m2\repository\org\apache-extras\beanshell\bsh\2.0b6\bsh-2.0b6.jar;C:\Users\Acer User\.m2\repository\log4j\log4j\1.2.17\log4j-1.2.17.jar;C:\Users\Acer User\.m2\repository\io\cucumber\cucumber-java\6.9.1\cucumber-java-6.9.1.jar;C:\Users\Acer User\.m2\repository\org\apiguardian\apiguardian-api\1.1.0\apiguardian-api-1.1.0.jar;C:\Users\Acer User\.m2\repository\io\cucumber\cucumber-testng\6.9.1\cucumber-testng-6.9.1.jar;C:\Users\Acer User\.m2\repository\io\cucumber\cucumber-core\6.9.1\cucumber-core-6.9.1.jar;C:\Users\Acer User\.m2\repository\io\cucumber\cucumber-gherkin\6.9.1\cucumber-gherkin-6.9.1.jar;C:\Users\Acer User\.m2\repository\io\cucumber\cucumber-gherkin-messages\6.9.1\cucumber-gherkin-messages-6.9.1.jar;C:\Users\Acer User\.m2\repository\io\cucumber\messages\13.2.1\messages-13.2.1.jar;C:\Users\Acer User\.m2\repository\io\cucumber\tag-expressions\3.0.0\tag-expressions-3.0.0.jar;C:\Users\Acer User\.m2\repository\io\cucumber\cucumber-expressions\10.3.0\cucumber-expressions-10.3.0.jar;C:\Users\Acer User\.m2\repository\io\cucumber\datatable\3.5.0\datatable-3.5.0.jar;C:\Users\Acer User\.m2\repository\io\cucumber\cucumber-plugin\6.9.1\cucumber-plugin-6.9.1.jar;C:\Users\Acer User\.m2\repository\io\cucumber\docstring\6.9.1\docstring-6.9.1.jar;C:\Users\Acer User\.m2\repository\io\cucumber\html-formatter\9.0.0\html-formatter-9.0.0.jar;C:\Users\Acer User\.m2\repository\io\cucumber\create-meta\2.0.4\create-meta-2.0.4.jar;C:\Users\Acer User\.m2\repository\io\qameta\allure\allure-testng\2.13.8\allure-testng-2.13.8.jar;C:\Users\Acer User\.m2\repository\io\qameta\allure\allure-java-commons\2.13.8\allure-java-commons-2.13.8.jar;C:\Users\Acer User\.m2\repository\io\qameta\allure\allure-model\2.13.8\allure-model-2.13.8.jar;C:\Users\Acer User\.m2\repository\com\fasterxml\jackson\core\jackson-databind\2.11.3\jackson-databind-2.11.3.jar;C:\Users\Acer User\.m2\repository\com\fasterxml\jackson\core\jackson-annotations\2.11.3\jackson-annotations-2.11.3.jar;C:\Users\Acer User\.m2\repository\com\fasterxml\jackson\core\jackson-core\2.11.3\jackson-core-2.11.3.jar;C:\Users\Acer User\.m2\repository\org\apache\tika\tika-core\1.24.1\tika-core-1.24.1.jar;C:\Users\Acer User\.m2\repository\org\jooq\joor-java-8\0.9.13\joor-java-8-0.9.13.jar;C:\Users\Acer User\.m2\repository\io\qameta\allure\allure-cucumber4-jvm\2.13.1\allure-cucumber4-jvm-2.13.1.jar;C:\Users\Acer User\.m2\repository\ru\yandex\qatools\ashot\ashot\1.5.4\ashot-1.5.4.jar;C:\Users\Acer User\.m2\repository\org\hamcrest\hamcrest-core\1.3\hamcrest-core-1.3.jar;"/>
    <property name="java.vm.vendor" value="Oracle Corporation"/>
    <property name="sun.arch.data.model" value="32"/>
    <property name="user.variant" value=""/>
    <property name="java.vendor.url" value="http://java.oracle.com/"/>
    <property name="user.timezone" value="Asia/Calcutta"/>
    <property name="suiteXmlFile" value="testng-cucumber.xml"/>
    <property name="java.vm.specification.version" value="1.8"/>
    <property name="os.name" value="Windows 7"/>
    <property name="user.country" value="US"/>
    <property name="sun.java.launcher" value="SUN_STANDARD"/>
    <property name="sun.boot.library.path" value="C:\Program Files\Java\jre1.8.0_241\bin"/>
    <property name="sun.java.command" value="C:\Users\Acer User\AppData\Local\Temp\surefire8088187724001335026\surefirebooter8214988889872634191.jar C:\Users\Acer User\AppData\Local\Temp\surefire8088187724001335026 2021-03-03T17-54-34_202-jvmRun1 surefire6076912001048907958tmp surefire_04793619314340636549tmp"/>
    <property name="surefire.test.class.path" value="D:\Git Projects\ResoProject\BG\target\test-classes;D:\Git Projects\ResoProject\BG\target\classes;C:\Users\Acer User\.m2\repository\org\seleniumhq\selenium\selenium-java\3.141.59\selenium-java-3.141.59.jar;C:\Users\Acer User\.m2\repository\org\seleniumhq\selenium\selenium-api\3.141.59\selenium-api-3.141.59.jar;C:\Users\Acer User\.m2\repository\org\seleniumhq\selenium\selenium-chrome-driver\3.141.59\selenium-chrome-driver-3.141.59.jar;C:\Users\Acer User\.m2\repository\org\seleniumhq\selenium\selenium-edge-driver\3.141.59\selenium-edge-driver-3.141.59.jar;C:\Users\Acer User\.m2\repository\org\seleniumhq\selenium\selenium-firefox-driver\3.141.59\selenium-firefox-driver-3.141.59.jar;C:\Users\Acer User\.m2\repository\org\seleniumhq\selenium\selenium-ie-driver\3.141.59\selenium-ie-driver-3.141.59.jar;C:\Users\Acer User\.m2\repository\org\seleniumhq\selenium\selenium-opera-driver\3.141.59\selenium-opera-driver-3.141.59.jar;C:\Users\Acer User\.m2\repository\org\seleniumhq\selenium\selenium-remote-driver\3.141.59\selenium-remote-driver-3.141.59.jar;C:\Users\Acer User\.m2\repository\org\seleniumhq\selenium\selenium-safari-driver\3.141.59\selenium-safari-driver-3.141.59.jar;C:\Users\Acer User\.m2\repository\org\seleniumhq\selenium\selenium-support\3.141.59\selenium-support-3.141.59.jar;C:\Users\Acer User\.m2\repository\net\bytebuddy\byte-buddy\1.8.15\byte-buddy-1.8.15.jar;C:\Users\Acer User\.m2\repository\org\apache\commons\commons-exec\1.3\commons-exec-1.3.jar;C:\Users\Acer User\.m2\repository\com\google\guava\guava\25.0-jre\guava-25.0-jre.jar;C:\Users\Acer User\.m2\repository\com\google\code\findbugs\jsr305\1.3.9\jsr305-1.3.9.jar;C:\Users\Acer User\.m2\repository\org\checkerframework\checker-compat-qual\2.0.0\checker-compat-qual-2.0.0.jar;C:\Users\Acer User\.m2\repository\com\google\errorprone\error_prone_annotations\2.1.3\error_prone_annotations-2.1.3.jar;C:\Users\Acer User\.m2\repository\com\google\j2objc\j2objc-annotations\1.1\j2objc-annotations-1.1.jar;C:\Users\Acer User\.m2\repository\org\codehaus\mojo\animal-sniffer-annotations\1.14\animal-sniffer-annotations-1.14.jar;C:\Users\Acer User\.m2\repository\com\squareup\okhttp3\okhttp\3.11.0\okhttp-3.11.0.jar;C:\Users\Acer User\.m2\repository\com\squareup\okio\okio\1.14.0\okio-1.14.0.jar;C:\Users\Acer User\.m2\repository\io\github\bonigarcia\webdrivermanager\4.2.2\webdrivermanager-4.2.2.jar;C:\Users\Acer User\.m2\repository\org\slf4j\slf4j-api\1.7.30\slf4j-api-1.7.30.jar;C:\Users\Acer User\.m2\repository\commons-io\commons-io\2.8.0\commons-io-2.8.0.jar;C:\Users\Acer User\.m2\repository\com\google\code\gson\gson\2.8.6\gson-2.8.6.jar;C:\Users\Acer User\.m2\repository\org\apache\commons\commons-lang3\3.11\commons-lang3-3.11.jar;C:\Users\Acer User\.m2\repository\org\apache\httpcomponents\client5\httpclient5\5.0.1\httpclient5-5.0.1.jar;C:\Users\Acer User\.m2\repository\org\apache\httpcomponents\core5\httpcore5\5.0.1\httpcore5-5.0.1.jar;C:\Users\Acer User\.m2\repository\org\apache\httpcomponents\core5\httpcore5-h2\5.0.1\httpcore5-h2-5.0.1.jar;C:\Users\Acer User\.m2\repository\commons-codec\commons-codec\1.13\commons-codec-1.13.jar;C:\Users\Acer User\.m2\repository\org\rauschig\jarchivelib\1.1.0\jarchivelib-1.1.0.jar;C:\Users\Acer User\.m2\repository\org\apache\commons\commons-compress\1.20\commons-compress-1.20.jar;C:\Users\Acer User\.m2\repository\org\jsoup\jsoup\1.13.1\jsoup-1.13.1.jar;C:\Users\Acer User\.m2\repository\org\testng\testng\6.14.3\testng-6.14.3.jar;C:\Users\Acer User\.m2\repository\com\beust\jcommander\1.72\jcommander-1.72.jar;C:\Users\Acer User\.m2\repository\org\apache-extras\beanshell\bsh\2.0b6\bsh-2.0b6.jar;C:\Users\Acer User\.m2\repository\log4j\log4j\1.2.17\log4j-1.2.17.jar;C:\Users\Acer User\.m2\repository\io\cucumber\cucumber-java\6.9.1\cucumber-java-6.9.1.jar;C:\Users\Acer User\.m2\repository\org\apiguardian\apiguardian-api\1.1.0\apiguardian-api-1.1.0.jar;C:\Users\Acer User\.m2\repository\io\cucumber\cucumber-testng\6.9.1\cucumber-testng-6.9.1.jar;C:\Users\Acer User\.m2\repository\io\cucumber\cucumber-core\6.9.1\cucumber-core-6.9.1.jar;C:\Users\Acer User\.m2\repository\io\cucumber\cucumber-gherkin\6.9.1\cucumber-gherkin-6.9.1.jar;C:\Users\Acer User\.m2\repository\io\cucumber\cucumber-gherkin-messages\6.9.1\cucumber-gherkin-messages-6.9.1.jar;C:\Users\Acer User\.m2\repository\io\cucumber\messages\13.2.1\messages-13.2.1.jar;C:\Users\Acer User\.m2\repository\io\cucumber\tag-expressions\3.0.0\tag-expressions-3.0.0.jar;C:\Users\Acer User\.m2\repository\io\cucumber\cucumber-expressions\10.3.0\cucumber-expressions-10.3.0.jar;C:\Users\Acer User\.m2\repository\io\cucumber\datatable\3.5.0\datatable-3.5.0.jar;C:\Users\Acer User\.m2\repository\io\cucumber\cucumber-plugin\6.9.1\cucumber-plugin-6.9.1.jar;C:\Users\Acer User\.m2\repository\io\cucumber\docstring\6.9.1\docstring-6.9.1.jar;C:\Users\Acer User\.m2\repository\io\cucumber\html-formatter\9.0.0\html-formatter-9.0.0.jar;C:\Users\Acer User\.m2\repository\io\cucumber\create-meta\2.0.4\create-meta-2.0.4.jar;C:\Users\Acer User\.m2\repository\io\qameta\allure\allure-testng\2.13.8\allure-testng-2.13.8.jar;C:\Users\Acer User\.m2\repository\io\qameta\allure\allure-java-commons\2.13.8\allure-java-commons-2.13.8.jar;C:\Users\Acer User\.m2\repository\io\qameta\allure\allure-model\2.13.8\allure-model-2.13.8.jar;C:\Users\Acer User\.m2\repository\com\fasterxml\jackson\core\jackson-databind\2.11.3\jackson-databind-2.11.3.jar;C:\Users\Acer User\.m2\repository\com\fasterxml\jackson\core\jackson-annotations\2.11.3\jackson-annotations-2.11.3.jar;C:\Users\Acer User\.m2\repository\com\fasterxml\jackson\core\jackson-core\2.11.3\jackson-core-2.11.3.jar;C:\Users\Acer User\.m2\repository\org\apache\tika\tika-core\1.24.1\tika-core-1.24.1.jar;C:\Users\Acer User\.m2\repository\org\jooq\joor-java-8\0.9.13\joor-java-8-0.9.13.jar;C:\Users\Acer User\.m2\repository\io\qameta\allure\allure-cucumber4-jvm\2.13.1\allure-cucumber4-jvm-2.13.1.jar;C:\Users\Acer User\.m2\repository\ru\yandex\qatools\ashot\ashot\1.5.4\ashot-1.5.4.jar;C:\Users\Acer User\.m2\repository\org\hamcrest\hamcrest-core\1.3\hamcrest-core-1.3.jar;"/>
    <property name="sun.cpu.endian" value="little"/>
    <property name="user.home" value="C:\Users\Acer User"/>
    <property name="user.language" value="en"/>
    <property name="java.specification.vendor" value="Oracle Corporation"/>
    <property name="java.home" value="C:\Program Files\Java\jre1.8.0_241"/>
    <property name="basedir" value="D:\Git Projects\ResoProject\BG"/>
    <property name="file.separator" value="\"/>
    <property name="line.separator" value="&#10;"/>
    <property name="java.vm.specification.vendor" value="Oracle Corporation"/>
    <property name="java.specification.name" value="Java Platform API Specification"/>
    <property name="java.awt.graphicsenv" value="sun.awt.Win32GraphicsEnvironment"/>
    <property name="surefire.real.class.path" value="C:\Users\Acer User\AppData\Local\Temp\surefire8088187724001335026\surefirebooter8214988889872634191.jar"/>
    <property name="sun.boot.class.path" value="C:\Program Files\Java\jre1.8.0_241\lib\resources.jar;C:\Program Files\Java\jre1.8.0_241\lib\rt.jar;C:\Program Files\Java\jre1.8.0_241\lib\sunrsasign.jar;C:\Program Files\Java\jre1.8.0_241\lib\jsse.jar;C:\Program Files\Java\jre1.8.0_241\lib\jce.jar;C:\Program Files\Java\jre1.8.0_241\lib\charsets.jar;C:\Program Files\Java\jre1.8.0_241\lib\jfr.jar;C:\Program Files\Java\jre1.8.0_241\classes"/>
    <property name="user.script" value=""/>
    <property name="sun.management.compiler" value="HotSpot Client Compiler"/>
    <property name="java.runtime.version" value="1.8.0_241-b07"/>
    <property name="user.name" value="Acer User"/>
    <property name="path.separator" value=";"/>
    <property name="os.version" value="6.1"/>
    <property name="java.endorsed.dirs" value="C:\Program Files\Java\jre1.8.0_241\lib\endorsed"/>
    <property name="java.runtime.name" value="Java(TM) SE Runtime Environment"/>
    <property name="file.encoding" value="Cp1252"/>
    <property name="java.vm.name" value="Java HotSpot(TM) Client VM"/>
    <property name="localRepository" value="C:\Users\Acer User\.m2\repository"/>
    <property name="java.vendor.url.bug" value="http://bugreport.sun.com/bugreport/"/>
    <property name="java.io.tmpdir" value="C:\Users\ACERUS~1\AppData\Local\Temp\"/>
    <property name="java.version" value="1.8.0_241"/>
    <property name="user.dir" value="D:\Git Projects\ResoProject\BG"/>
    <property name="os.arch" value="x86"/>
    <property name="java.vm.specification.name" value="Java Virtual Machine Specification"/>
    <property name="java.awt.printerjob" value="sun.awt.windows.WPrinterJob"/>
    <property name="sun.os.patch.level" value="Service Pack 1"/>
    <property name="java.library.path" value="C:\Program Files\Java\jre1.8.0_241\bin;C:\Windows\Sun\Java\bin;C:\Windows\system32;C:\Windows;C:/Program Files/Java/jre1.8.0_241/bin/client;C:/Program Files/Java/jre1.8.0_241/bin;C:/Program Files/Java/jre1.8.0_241/lib/i386;C:\Program Files\Common Files\Oracle\Java\javapath;C:\ProgramData\Oracle\Java\javapath;E:\oracle\product\10.2.0\db_1\bin;E:\app\Acer User\product\11.1.0\db_1\bin;E:\PHPSW\php;E:\PHPSW\htdocs\cakephp_oldv1\cake\console;E:\PHPSW\mysql\bin;C:\ProgramData\ComposerSetup\bin;D:\Android SDK\tools\bin;D:\Android SDK\tools;D:\Android SDK\platform-tools;C:\Program Files\nodejs\node_modules\npm;C:\Program Files\nodejs\;C:\Program Files\Java\jdk1.8.0_241\bin;C:\maven\apache-maven-3.6.3\bin;C:\Program Files\Git\cmd;E:\Resonancia NOtes\jar&apos;s\allure-2.9.0\bin;C:\Windows\System32\WindowsPowerShell\v1.0\;C:\Program Files\PuTTY\;C:\Users\Acer User\scoop\shims;C:\oraclexe\app\oracle\product\10.2.0\server\bin;C:\Program Files\Intel\iCLS Client\;C:\Windows\system32;C:\Windows;C:\Windows\System32\Wbem;C:\Windows\System32\WindowsPowerShell\v1.0\;C:\Program Files\Intel\Intel(R) Management Engine Components\DAL;C:\Program Files\Intel\Intel(R) Management Engine Components\IPT;C:\Program Files\Microsoft SQL Server\90\Tools\binn\;C:\Program Files\Java\jdk1.7.0_02\bin;C:\jsdk2.1\examples\WEB-INF\servlets/FirstServlet;C:\Program Files \Java\jdk1.7.0\bin;C:\Program Files\Microsoft SQL Server\100\Tools\Binn\;C:\Program Files\Microsoft SQL Server\100\DTS\Binn\; ;E:\ PHPSW\xampp\htdocs\CakephpPractise\app\Console;E:\ PHPSW\xampp\php;E:\ PHPSW\xampp\mysql\bin;;C:\Users\Acer User\AppData\Roaming\Composer\vendor\bin;C:\Users\Acer User\AppData\Roaming\npm;C:\Users\Acer User\AppData\Local\Programs\Microsoft VS Code\bin;C:\Program Files\import-io-cli\bin;C:\Windows\system32;;."/>
    <property name="java.vm.info" value="mixed mode"/>
    <property name="java.vendor" value="Oracle Corporation"/>
    <property name="java.vm.version" value="25.241-b07"/>
    <property name="java.ext.dirs" value="C:\Program Files\Java\jre1.8.0_241\lib\ext;C:\Windows\Sun\Java\lib\ext"/>
    <property name="sun.io.unicode.encoding" value="UnicodeLittle"/>
    <property name="java.class.version" value="52.0"/>
  </properties>
  <testcase name="runScenario[&quot;verify  bank name field&quot;, &quot;Optional[this feature test the add  bank functionality]&quot;](1)" classname="com.testingshastra.testrunner.RunnerTest" time="35.441">
    <failure message="Cannot locate element with text: accountType&#10;For documentation on this error, please visit: https://www.seleniumhq.org/exceptions/no_such_element.html&#10;Build info: version: &apos;3.141.59&apos;, revision: &apos;e82be7d358&apos;, time: &apos;2018-11-14T08:17:03&apos;&#10;System info: host: &apos;ACER-PC&apos;, ip: &apos;192.168.42.200&apos;, os.name: &apos;Windows 7&apos;, os.arch: &apos;x86&apos;, os.version: &apos;6.1&apos;, java.version: &apos;1.8.0_241&apos;&#10;Driver info: driver.version: unknown" type="org.openqa.selenium.NoSuchElementException"><![CDATA[org.openqa.selenium.NoSuchElementException: 
Cannot locate element with text: accountType
For documentation on this error, please visit: https://www.seleniumhq.org/exceptions/no_such_element.html
Build info: version: '3.141.59', revision: 'e82be7d358', time: '2018-11-14T08:17:03'
System info: host: 'ACER-PC', ip: '192.168.42.200', os.name: 'Windows 7', os.arch: 'x86', os.version: '6.1', java.version: '1.8.0_241'
Driver info: driver.version: unknown
]]></failure>
    <system-out><![CDATA[[TestNGContentHandler] [WARN] It is strongly recommended to add "<!DOCTYPE suite SYSTEM "http://testng.org/testng-1.0.dtd" >" at the top of your file, otherwise TestNG may fail or not work as expected.
2021-03-03 17:54:48 [main] com.testingshashtra.utility.Config 
  INFO  Lunching Browser : http://103.50.162.196/testing/user-login.php
2021-03-03 17:54:53 [main] com.testingshshtra.pages.LoginPage 
  INFO  Getting dashboard text
2021-03-03 17:54:53 [main] com.testingshashtra.stepdefination.LoginTest 
  INFO  LOGIN SUCCESSFULLY and Redirect on  Dashboard Page
2021-03-03 17:54:53 [main] com.testingshashtra.stepdefination.AddBankTest 
  INFO  Master Menu Clicked
2021-03-03 17:54:54 [main] com.testingshashtra.stepdefination.AddBankTest 
  INFO  Bank Sub Menu Clicked
2021-03-03 17:54:54 [main] com.testingshashtra.stepdefination.AddBankTest 
  INFO  Waiting For Visibility Add Bank button
2021-03-03 17:54:54 [main] com.testingshshtra.pages.AddBankPage 
  INFO  Click On  Add Bank Button
2021-03-03 17:54:55 [main] com.testingshashtra.stepdefination.AddBankTest 
  INFO  Click on  Add Bank button
2021-03-03 17:54:55 [main] com.testingshshtra.pages.AddBankPage 
  INFO  Entering Bank Name bankName
2021-03-03 17:54:55 [main] com.testingshshtra.pages.AddBankPage 
  INFO  Entering Account Name accountName
2021-03-03 17:54:55 [main] com.testingshshtra.pages.AddBankPage 
  INFO  Entering  Account number   accountno
2021-03-03 17:55:17 [main] com.testingshatra.setup.SeleniumBase 
  INFO  Browser Closed
]]></system-out>
    <system-err><![CDATA[SLF4J: Failed to load class "org.slf4j.impl.StaticLoggerBinder".
SLF4J: Defaulting to no-operation (NOP) logger implementation
SLF4J: See http://www.slf4j.org/codes.html#StaticLoggerBinder for further details.
Starting ChromeDriver 88.0.4324.96 (68dba2d8a0b149a1d3afac56fa74648032bcf46b-refs/branch-heads/4324@{#1784}) on port 19716
Only local connections are allowed.
Please see https://chromedriver.chromium.org/security-considerations for suggestions on keeping ChromeDriver safe.
ChromeDriver was started successfully.
Mar 03, 2021 5:54:46 PM org.openqa.selenium.remote.ProtocolHandshake createSession
INFO: Detected dialect: W3C
]]></system-err>
  </testcase>
  <testcase name="runScenario[&quot;verify  bank name field&quot;, &quot;Optional[this feature test the add  bank functionality]&quot;](2)" classname="com.testingshastra.testrunner.RunnerTest" time="32.286">
    <failure message="Cannot locate element with text: accountType&#10;For documentation on this error, please visit: https://www.seleniumhq.org/exceptions/no_such_element.html&#10;Build info: version: &apos;3.141.59&apos;, revision: &apos;e82be7d358&apos;, time: &apos;2018-11-14T08:17:03&apos;&#10;System info: host: &apos;ACER-PC&apos;, ip: &apos;192.168.42.200&apos;, os.name: &apos;Windows 7&apos;, os.arch: &apos;x86&apos;, os.version: &apos;6.1&apos;, java.version: &apos;1.8.0_241&apos;&#10;Driver info: driver.version: unknown" type="org.openqa.selenium.NoSuchElementException"><![CDATA[org.openqa.selenium.NoSuchElementException: 
Cannot locate element with text: accountType
For documentation on this error, please visit: https://www.seleniumhq.org/exceptions/no_such_element.html
Build info: version: '3.141.59', revision: 'e82be7d358', time: '2018-11-14T08:17:03'
System info: host: 'ACER-PC', ip: '192.168.42.200', os.name: 'Windows 7', os.arch: 'x86', os.version: '6.1', java.version: '1.8.0_241'
Driver info: driver.version: unknown
]]></failure>
    <system-out><![CDATA[2021-03-03 17:55:21 [main] com.testingshashtra.utility.Config 
  INFO  Lunching Browser : http://103.50.162.196/testing/user-login.php
2021-03-03 17:55:26 [main] com.testingshshtra.pages.LoginPage 
  INFO  Getting dashboard text
2021-03-03 17:55:26 [main] com.testingshashtra.stepdefination.LoginTest 
  INFO  LOGIN SUCCESSFULLY and Redirect on  Dashboard Page
2021-03-03 17:55:26 [main] com.testingshashtra.stepdefination.AddBankTest 
  INFO  Master Menu Clicked
2021-03-03 17:55:27 [main] com.testingshashtra.stepdefination.AddBankTest 
  INFO  Bank Sub Menu Clicked
2021-03-03 17:55:27 [main] com.testingshashtra.stepdefination.AddBankTest 
  INFO  Waiting For Visibility Add Bank button
2021-03-03 17:55:27 [main] com.testingshshtra.pages.AddBankPage 
  INFO  Click On  Add Bank Button
2021-03-03 17:55:27 [main] com.testingshashtra.stepdefination.AddBankTest 
  INFO  Click on  Add Bank button
2021-03-03 17:55:28 [main] com.testingshshtra.pages.AddBankPage 
  INFO  Entering Bank Name bankName
2021-03-03 17:55:28 [main] com.testingshshtra.pages.AddBankPage 
  INFO  Entering Account Name accountName
2021-03-03 17:55:28 [main] com.testingshshtra.pages.AddBankPage 
  INFO  Entering  Account number   accountno
2021-03-03 17:55:50 [main] com.testingshatra.setup.SeleniumBase 
  INFO  Browser Closed
]]></system-out>
    <system-err><![CDATA[Starting ChromeDriver 88.0.4324.96 (68dba2d8a0b149a1d3afac56fa74648032bcf46b-refs/branch-heads/4324@{#1784}) on port 42224
Only local connections are allowed.
Please see https://chromedriver.chromium.org/security-considerations for suggestions on keeping ChromeDriver safe.
ChromeDriver was started successfully.
Mar 03, 2021 5:55:20 PM org.openqa.selenium.remote.ProtocolHandshake createSession
INFO: Detected dialect: W3C
]]></system-err>
  </testcase>
  <testcase name="runScenario[&quot;verify  bank name field&quot;, &quot;Optional[this feature test the add  bank functionality]&quot;](3)" classname="com.testingshastra.testrunner.RunnerTest" time="32.67">
    <failure message="Cannot locate element with text: accountType&#10;For documentation on this error, please visit: https://www.seleniumhq.org/exceptions/no_such_element.html&#10;Build info: version: &apos;3.141.59&apos;, revision: &apos;e82be7d358&apos;, time: &apos;2018-11-14T08:17:03&apos;&#10;System info: host: &apos;ACER-PC&apos;, ip: &apos;192.168.42.200&apos;, os.name: &apos;Windows 7&apos;, os.arch: &apos;x86&apos;, os.version: &apos;6.1&apos;, java.version: &apos;1.8.0_241&apos;&#10;Driver info: driver.version: unknown" type="org.openqa.selenium.NoSuchElementException"><![CDATA[org.openqa.selenium.NoSuchElementException: 
Cannot locate element with text: accountType
For documentation on this error, please visit: https://www.seleniumhq.org/exceptions/no_such_element.html
Build info: version: '3.141.59', revision: 'e82be7d358', time: '2018-11-14T08:17:03'
System info: host: 'ACER-PC', ip: '192.168.42.200', os.name: 'Windows 7', os.arch: 'x86', os.version: '6.1', java.version: '1.8.0_241'
Driver info: driver.version: unknown
]]></failure>
    <system-out><![CDATA[2021-03-03 17:55:54 [main] com.testingshashtra.utility.Config 
  INFO  Lunching Browser : http://103.50.162.196/testing/user-login.php
2021-03-03 17:55:58 [main] com.testingshshtra.pages.LoginPage 
  INFO  Getting dashboard text
2021-03-03 17:55:58 [main] com.testingshashtra.stepdefination.LoginTest 
  INFO  LOGIN SUCCESSFULLY and Redirect on  Dashboard Page
2021-03-03 17:55:58 [main] com.testingshashtra.stepdefination.AddBankTest 
  INFO  Master Menu Clicked
2021-03-03 17:55:59 [main] com.testingshashtra.stepdefination.AddBankTest 
  INFO  Bank Sub Menu Clicked
2021-03-03 17:55:59 [main] com.testingshashtra.stepdefination.AddBankTest 
  INFO  Waiting For Visibility Add Bank button
2021-03-03 17:55:59 [main] com.testingshshtra.pages.AddBankPage 
  INFO  Click On  Add Bank Button
2021-03-03 17:55:59 [main] com.testingshashtra.stepdefination.AddBankTest 
  INFO  Click on  Add Bank button
2021-03-03 17:56:00 [main] com.testingshshtra.pages.AddBankPage 
  INFO  Entering Bank Name bankName
2021-03-03 17:56:00 [main] com.testingshshtra.pages.AddBankPage 
  INFO  Entering Account Name accountName
2021-03-03 17:56:00 [main] com.testingshshtra.pages.AddBankPage 
  INFO  Entering  Account number   accountno
2021-03-03 17:56:22 [main] com.testingshatra.setup.SeleniumBase 
  INFO  Browser Closed
]]></system-out>
    <system-err><![CDATA[Starting ChromeDriver 88.0.4324.96 (68dba2d8a0b149a1d3afac56fa74648032bcf46b-refs/branch-heads/4324@{#1784}) on port 5440
Only local connections are allowed.
Please see https://chromedriver.chromium.org/security-considerations for suggestions on keeping ChromeDriver safe.
ChromeDriver was started successfully.
Mar 03, 2021 5:55:52 PM org.openqa.selenium.remote.ProtocolHandshake createSession
INFO: Detected dialect: W3C
]]></system-err>
  </testcase>
  <testcase name="runScenario[&quot;verify  bank name field&quot;, &quot;Optional[this feature test the add  bank functionality]&quot;](4)" classname="com.testingshastra.testrunner.RunnerTest" time="32.503">
    <failure message="Cannot locate element with text: accountType&#10;For documentation on this error, please visit: https://www.seleniumhq.org/exceptions/no_such_element.html&#10;Build info: version: &apos;3.141.59&apos;, revision: &apos;e82be7d358&apos;, time: &apos;2018-11-14T08:17:03&apos;&#10;System info: host: &apos;ACER-PC&apos;, ip: &apos;192.168.42.200&apos;, os.name: &apos;Windows 7&apos;, os.arch: &apos;x86&apos;, os.version: &apos;6.1&apos;, java.version: &apos;1.8.0_241&apos;&#10;Driver info: driver.version: unknown" type="org.openqa.selenium.NoSuchElementException"><![CDATA[org.openqa.selenium.NoSuchElementException: 
Cannot locate element with text: accountType
For documentation on this error, please visit: https://www.seleniumhq.org/exceptions/no_such_element.html
Build info: version: '3.141.59', revision: 'e82be7d358', time: '2018-11-14T08:17:03'
System info: host: 'ACER-PC', ip: '192.168.42.200', os.name: 'Windows 7', os.arch: 'x86', os.version: '6.1', java.version: '1.8.0_241'
Driver info: driver.version: unknown
]]></failure>
    <system-out><![CDATA[2021-03-03 17:56:26 [main] com.testingshashtra.utility.Config 
  INFO  Lunching Browser : http://103.50.162.196/testing/user-login.php
2021-03-03 17:56:31 [main] com.testingshshtra.pages.LoginPage 
  INFO  Getting dashboard text
2021-03-03 17:56:31 [main] com.testingshashtra.stepdefination.LoginTest 
  INFO  LOGIN SUCCESSFULLY and Redirect on  Dashboard Page
2021-03-03 17:56:31 [main] com.testingshashtra.stepdefination.AddBankTest 
  INFO  Master Menu Clicked
2021-03-03 17:56:32 [main] com.testingshashtra.stepdefination.AddBankTest 
  INFO  Bank Sub Menu Clicked
2021-03-03 17:56:32 [main] com.testingshashtra.stepdefination.AddBankTest 
  INFO  Waiting For Visibility Add Bank button
2021-03-03 17:56:32 [main] com.testingshshtra.pages.AddBankPage 
  INFO  Click On  Add Bank Button
2021-03-03 17:56:33 [main] com.testingshashtra.stepdefination.AddBankTest 
  INFO  Click on  Add Bank button
2021-03-03 17:56:33 [main] com.testingshshtra.pages.AddBankPage 
  INFO  Entering Bank Name bankName
2021-03-03 17:56:33 [main] com.testingshshtra.pages.AddBankPage 
  INFO  Entering Account Name accountName
2021-03-03 17:56:33 [main] com.testingshshtra.pages.AddBankPage 
  INFO  Entering  Account number   accountno
2021-03-03 17:56:55 [main] com.testingshatra.setup.SeleniumBase 
  INFO  Browser Closed
]]></system-out>
    <system-err><![CDATA[Starting ChromeDriver 88.0.4324.96 (68dba2d8a0b149a1d3afac56fa74648032bcf46b-refs/branch-heads/4324@{#1784}) on port 10032
Only local connections are allowed.
Please see https://chromedriver.chromium.org/security-considerations for suggestions on keeping ChromeDriver safe.
ChromeDriver was started successfully.
Mar 03, 2021 5:56:25 PM org.openqa.selenium.remote.ProtocolHandshake createSession
INFO: Detected dialect: W3C
]]></system-err>
  </testcase>
  <testcase name="runScenario[&quot;verify  bank name field&quot;, &quot;Optional[this feature test the add  bank functionality]&quot;](5)" classname="com.testingshastra.testrunner.RunnerTest" time="31.731">
    <failure message="Cannot locate element with text: accountType&#10;For documentation on this error, please visit: https://www.seleniumhq.org/exceptions/no_such_element.html&#10;Build info: version: &apos;3.141.59&apos;, revision: &apos;e82be7d358&apos;, time: &apos;2018-11-14T08:17:03&apos;&#10;System info: host: &apos;ACER-PC&apos;, ip: &apos;192.168.42.200&apos;, os.name: &apos;Windows 7&apos;, os.arch: &apos;x86&apos;, os.version: &apos;6.1&apos;, java.version: &apos;1.8.0_241&apos;&#10;Driver info: driver.version: unknown" type="org.openqa.selenium.NoSuchElementException"><![CDATA[org.openqa.selenium.NoSuchElementException: 
Cannot locate element with text: accountType
For documentation on this error, please visit: https://www.seleniumhq.org/exceptions/no_such_element.html
Build info: version: '3.141.59', revision: 'e82be7d358', time: '2018-11-14T08:17:03'
System info: host: 'ACER-PC', ip: '192.168.42.200', os.name: 'Windows 7', os.arch: 'x86', os.version: '6.1', java.version: '1.8.0_241'
Driver info: driver.version: unknown
]]></failure>
    <system-out><![CDATA[2021-03-03 17:56:58 [main] com.testingshashtra.utility.Config 
  INFO  Lunching Browser : http://103.50.162.196/testing/user-login.php
2021-03-03 17:57:03 [main] com.testingshshtra.pages.LoginPage 
  INFO  Getting dashboard text
2021-03-03 17:57:03 [main] com.testingshashtra.stepdefination.LoginTest 
  INFO  LOGIN SUCCESSFULLY and Redirect on  Dashboard Page
2021-03-03 17:57:03 [main] com.testingshashtra.stepdefination.AddBankTest 
  INFO  Master Menu Clicked
2021-03-03 17:57:04 [main] com.testingshashtra.stepdefination.AddBankTest 
  INFO  Bank Sub Menu Clicked
2021-03-03 17:57:04 [main] com.testingshashtra.stepdefination.AddBankTest 
  INFO  Waiting For Visibility Add Bank button
2021-03-03 17:57:04 [main] com.testingshshtra.pages.AddBankPage 
  INFO  Click On  Add Bank Button
2021-03-03 17:57:04 [main] com.testingshashtra.stepdefination.AddBankTest 
  INFO  Click on  Add Bank button
2021-03-03 17:57:05 [main] com.testingshshtra.pages.AddBankPage 
  INFO  Entering Bank Name bankName
2021-03-03 17:57:05 [main] com.testingshshtra.pages.AddBankPage 
  INFO  Entering Account Name accountName
2021-03-03 17:57:05 [main] com.testingshshtra.pages.AddBankPage 
  INFO  Entering  Account number   accountno
2021-03-03 17:57:26 [main] com.testingshatra.setup.SeleniumBase 
  INFO  Browser Closed
]]></system-out>
    <system-err><![CDATA[Starting ChromeDriver 88.0.4324.96 (68dba2d8a0b149a1d3afac56fa74648032bcf46b-refs/branch-heads/4324@{#1784}) on port 43536
Only local connections are allowed.
Please see https://chromedriver.chromium.org/security-considerations for suggestions on keeping ChromeDriver safe.
ChromeDriver was started successfully.
Mar 03, 2021 5:56:58 PM org.openqa.selenium.remote.ProtocolHandshake createSession
INFO: Detected dialect: W3C
]]></system-err>
  </testcase>
  <testcase name="runScenario[&quot;verify  bank name field&quot;, &quot;Optional[this feature test the add  bank functionality]&quot;](6)" classname="com.testingshastra.testrunner.RunnerTest" time="34.017">
    <failure message="Cannot locate element with text: accountType&#10;For documentation on this error, please visit: https://www.seleniumhq.org/exceptions/no_such_element.html&#10;Build info: version: &apos;3.141.59&apos;, revision: &apos;e82be7d358&apos;, time: &apos;2018-11-14T08:17:03&apos;&#10;System info: host: &apos;ACER-PC&apos;, ip: &apos;192.168.42.200&apos;, os.name: &apos;Windows 7&apos;, os.arch: &apos;x86&apos;, os.version: &apos;6.1&apos;, java.version: &apos;1.8.0_241&apos;&#10;Driver info: driver.version: unknown" type="org.openqa.selenium.NoSuchElementException"><![CDATA[org.openqa.selenium.NoSuchElementException: 
Cannot locate element with text: accountType
For documentation on this error, please visit: https://www.seleniumhq.org/exceptions/no_such_element.html
Build info: version: '3.141.59', revision: 'e82be7d358', time: '2018-11-14T08:17:03'
System info: host: 'ACER-PC', ip: '192.168.42.200', os.name: 'Windows 7', os.arch: 'x86', os.version: '6.1', java.version: '1.8.0_241'
Driver info: driver.version: unknown
]]></failure>
    <system-out><![CDATA[2021-03-03 17:57:32 [main] com.testingshashtra.utility.Config 
  INFO  Lunching Browser : http://103.50.162.196/testing/user-login.php
2021-03-03 17:57:36 [main] com.testingshshtra.pages.LoginPage 
  INFO  Getting dashboard text
2021-03-03 17:57:36 [main] com.testingshashtra.stepdefination.LoginTest 
  INFO  LOGIN SUCCESSFULLY and Redirect on  Dashboard Page
2021-03-03 17:57:37 [main] com.testingshashtra.stepdefination.AddBankTest 
  INFO  Master Menu Clicked
2021-03-03 17:57:38 [main] com.testingshashtra.stepdefination.AddBankTest 
  INFO  Bank Sub Menu Clicked
2021-03-03 17:57:38 [main] com.testingshashtra.stepdefination.AddBankTest 
  INFO  Waiting For Visibility Add Bank button
2021-03-03 17:57:38 [main] com.testingshshtra.pages.AddBankPage 
  INFO  Click On  Add Bank Button
2021-03-03 17:57:38 [main] com.testingshashtra.stepdefination.AddBankTest 
  INFO  Click on  Add Bank button
2021-03-03 17:57:39 [main] com.testingshshtra.pages.AddBankPage 
  INFO  Entering Bank Name bankName
2021-03-03 17:57:39 [main] com.testingshshtra.pages.AddBankPage 
  INFO  Entering Account Name accountName
2021-03-03 17:57:39 [main] com.testingshshtra.pages.AddBankPage 
  INFO  Entering  Account number   accountno
2021-03-03 17:58:00 [main] com.testingshatra.setup.SeleniumBase 
  INFO  Browser Closed
]]></system-out>
    <system-err><![CDATA[Starting ChromeDriver 88.0.4324.96 (68dba2d8a0b149a1d3afac56fa74648032bcf46b-refs/branch-heads/4324@{#1784}) on port 44695
Only local connections are allowed.
Please see https://chromedriver.chromium.org/security-considerations for suggestions on keeping ChromeDriver safe.
ChromeDriver was started successfully.
Mar 03, 2021 5:57:29 PM org.openqa.selenium.remote.ProtocolHandshake createSession
INFO: Detected dialect: W3C
]]></system-err>
  </testcase>
  <testcase name="runScenario[&quot;verify  bank name field&quot;, &quot;Optional[this feature test the add  bank functionality]&quot;](7)" classname="com.testingshastra.testrunner.RunnerTest" time="32.615">
    <failure message="Cannot locate element with text: accountType&#10;For documentation on this error, please visit: https://www.seleniumhq.org/exceptions/no_such_element.html&#10;Build info: version: &apos;3.141.59&apos;, revision: &apos;e82be7d358&apos;, time: &apos;2018-11-14T08:17:03&apos;&#10;System info: host: &apos;ACER-PC&apos;, ip: &apos;192.168.42.200&apos;, os.name: &apos;Windows 7&apos;, os.arch: &apos;x86&apos;, os.version: &apos;6.1&apos;, java.version: &apos;1.8.0_241&apos;&#10;Driver info: driver.version: unknown" type="org.openqa.selenium.NoSuchElementException"><![CDATA[org.openqa.selenium.NoSuchElementException: 
Cannot locate element with text: accountType
For documentation on this error, please visit: https://www.seleniumhq.org/exceptions/no_such_element.html
Build info: version: '3.141.59', revision: 'e82be7d358', time: '2018-11-14T08:17:03'
System info: host: 'ACER-PC', ip: '192.168.42.200', os.name: 'Windows 7', os.arch: 'x86', os.version: '6.1', java.version: '1.8.0_241'
Driver info: driver.version: unknown
]]></failure>
    <system-out><![CDATA[2021-03-03 17:58:05 [main] com.testingshashtra.utility.Config 
  INFO  Lunching Browser : http://103.50.162.196/testing/user-login.php
2021-03-03 17:58:09 [main] com.testingshshtra.pages.LoginPage 
  INFO  Getting dashboard text
2021-03-03 17:58:09 [main] com.testingshashtra.stepdefination.LoginTest 
  INFO  LOGIN SUCCESSFULLY and Redirect on  Dashboard Page
2021-03-03 17:58:09 [main] com.testingshashtra.stepdefination.AddBankTest 
  INFO  Master Menu Clicked
2021-03-03 17:58:10 [main] com.testingshashtra.stepdefination.AddBankTest 
  INFO  Bank Sub Menu Clicked
2021-03-03 17:58:10 [main] com.testingshashtra.stepdefination.AddBankTest 
  INFO  Waiting For Visibility Add Bank button
2021-03-03 17:58:11 [main] com.testingshshtra.pages.AddBankPage 
  INFO  Click On  Add Bank Button
2021-03-03 17:58:11 [main] com.testingshashtra.stepdefination.AddBankTest 
  INFO  Click on  Add Bank button
2021-03-03 17:58:11 [main] com.testingshshtra.pages.AddBankPage 
  INFO  Entering Bank Name bankName
2021-03-03 17:58:11 [main] com.testingshshtra.pages.AddBankPage 
  INFO  Entering Account Name accountName
2021-03-03 17:58:12 [main] com.testingshshtra.pages.AddBankPage 
  INFO  Entering  Account number   accountno
2021-03-03 17:58:33 [main] com.testingshatra.setup.SeleniumBase 
  INFO  Browser Closed
]]></system-out>
    <system-err><![CDATA[Starting ChromeDriver 88.0.4324.96 (68dba2d8a0b149a1d3afac56fa74648032bcf46b-refs/branch-heads/4324@{#1784}) on port 35167
Only local connections are allowed.
Please see https://chromedriver.chromium.org/security-considerations for suggestions on keeping ChromeDriver safe.
ChromeDriver was started successfully.
Mar 03, 2021 5:58:03 PM org.openqa.selenium.remote.ProtocolHandshake createSession
INFO: Detected dialect: W3C
]]></system-err>
  </testcase>
  <testcase name="runScenario[&quot;Verify user able to update bank data&quot;, &quot;Optional[This Feature test the edit fuctionality]&quot;](8)" classname="com.testingshastra.testrunner.RunnerTest" time="15.602">
    <system-out><![CDATA[2021-03-03 17:58:37 [main] com.testingshashtra.utility.Config 
  INFO  Lunching Browser : http://103.50.162.196/testing/user-login.php
2021-03-03 17:58:42 [main] com.testingshshtra.pages.LoginPage 
  INFO  Getting dashboard text
2021-03-03 17:58:42 [main] com.testingshashtra.stepdefination.LoginTest 
  INFO  LOGIN SUCCESSFULLY and Redirect on  Dashboard Page
2021-03-03 17:58:42 [main] com.testingshashtra.stepdefination.AddBankTest 
  INFO  Master Menu Clicked
2021-03-03 17:58:43 [main] com.testingshashtra.stepdefination.AddBankTest 
  INFO  Bank Sub Menu Clicked
2021-03-03 17:58:45 [main] com.testingshshtra.pages.AddBankPage 
  INFO  Entering Bank Name BOIndia
2021-03-03 17:58:46 [main] com.testingshshtra.pages.AddBankPage 
  INFO  Entering Account Name AWS
2021-03-03 17:58:46 [main] com.testingshshtra.pages.AddBankPage 
  INFO  Entering  Account number   612354687123
2021-03-03 17:58:46 [main] com.testingshshtra.pages.AddBankPage 
  INFO  Selecting  Account Type  Savings
2021-03-03 17:58:46 [main] com.testingshshtra.pages.AddBankPage 
  INFO  Entering IFSC Code  UN01235468
2021-03-03 17:58:46 [main] com.testingshshtra.pages.AddBankPage 
  INFO  Entering MICR Code  545687911
2021-03-03 17:58:47 [main] com.testingshshtra.pages.AddBankPage 
  INFO  Click on Submit button
2021-03-03 17:58:48 [main] com.testingshshtra.pages.AddBankPage 
  INFO  Click on OK button
2021-03-03 17:58:49 [main] com.testingshashtra.stepdefination.EditBankDetailsTest 
  INFO  Bank get Update
2021-03-03 17:58:49 [main] com.testingshatra.setup.SeleniumBase 
  INFO  Browser Closed
]]></system-out>
    <system-err><![CDATA[Starting ChromeDriver 88.0.4324.96 (68dba2d8a0b149a1d3afac56fa74648032bcf46b-refs/branch-heads/4324@{#1784}) on port 39743
Only local connections are allowed.
Please see https://chromedriver.chromium.org/security-considerations for suggestions on keeping ChromeDriver safe.
ChromeDriver was started successfully.
Mar 03, 2021 5:58:36 PM org.openqa.selenium.remote.ProtocolHandshake createSession
INFO: Detected dialect: W3C
]]></system-err>
  </testcase>
  <testcase name="runScenario[&quot;verify Login for valid input&quot;, &quot;Optional[This feature Test the login page  for valid and invalid Input]&quot;](9)" classname="com.testingshastra.testrunner.RunnerTest" time="8.317">
    <system-out><![CDATA[2021-03-03 17:58:52 [main] com.testingshashtra.utility.Config 
  INFO  Lunching Browser : http://103.50.162.196/testing/user-login.php
2021-03-03 17:58:57 [main] com.testingshshtra.pages.LoginPage 
  INFO  Getting dashboard text
2021-03-03 17:58:57 [main] com.testingshashtra.stepdefination.LoginTest 
  INFO  LOGIN SUCCESSFULLY and Redirect on  Dashboard Page
2021-03-03 17:58:57 [main] com.testingshatra.setup.SeleniumBase 
  INFO  Browser Closed
]]></system-out>
    <system-err><![CDATA[Starting ChromeDriver 88.0.4324.96 (68dba2d8a0b149a1d3afac56fa74648032bcf46b-refs/branch-heads/4324@{#1784}) on port 46153
Only local connections are allowed.
Please see https://chromedriver.chromium.org/security-considerations for suggestions on keeping ChromeDriver safe.
ChromeDriver was started successfully.
Mar 03, 2021 5:58:52 PM org.openqa.selenium.remote.ProtocolHandshake createSession
INFO: Detected dialect: W3C
]]></system-err>
  </testcase>
  <testcase name="runScenario[&quot;verify master menu shows submenu list&quot;, &quot;Optional[this feature test the main module functinality]&quot;](10)" classname="com.testingshastra.testrunner.RunnerTest" time="28.426">
    <system-out><![CDATA[2021-03-03 17:59:01 [main] com.testingshashtra.utility.Config 
  INFO  Lunching Browser : http://103.50.162.196/testing/user-login.php
2021-03-03 17:59:05 [main] com.testingshshtra.pages.LoginPage 
  INFO  Getting dashboard text
2021-03-03 17:59:05 [main] com.testingshashtra.stepdefination.LoginTest 
  INFO  LOGIN SUCCESSFULLY and Redirect on  Dashboard Page
2021-03-03 17:59:25 [main] com.testingshshtra.pages.MasterPage 
  INFO   Size of  Submenu : 0
2021-03-03 17:59:25 [main] com.testingshatra.setup.SeleniumBase 
  INFO  Browser Closed
]]></system-out>
    <system-err><![CDATA[Starting ChromeDriver 88.0.4324.96 (68dba2d8a0b149a1d3afac56fa74648032bcf46b-refs/branch-heads/4324@{#1784}) on port 39413
Only local connections are allowed.
Please see https://chromedriver.chromium.org/security-considerations for suggestions on keeping ChromeDriver safe.
ChromeDriver was started successfully.
Mar 03, 2021 5:59:00 PM org.openqa.selenium.remote.ProtocolHandshake createSession
INFO: Detected dialect: W3C
]]></system-err>
  </testcase>
</testsuite>